2022-06-30 02:52:31 [main] INFO  o.s.c.c.c.ConfigServicePropertySourceLocator - Fetching config from server at : http://localhost:8888
2022-06-30 02:52:33 [main] INFO  o.s.c.c.c.ConfigServicePropertySourceLocator - Located environment: name=elastic-query-service,application, profiles=[elastic_query], label=null, version=3bd80c2c545a30541ccc53a5df4945bf8d66f0ac, state=null
2022-06-30 02:52:33 [main] INFO  o.s.c.b.c.PropertySourceBootstrapConfiguration - Located property source: [BootstrapPropertySource {name='bootstrapProperties-configClient'}, BootstrapPropertySource {name='bootstrapProperties-https://github.com/MiBoutaj/MiBoutaj-spring-cloud-config-server-repository/application.yml'}, BootstrapPropertySource {name='bootstrapProperties-https://github.com/MiBoutaj/MiBoutaj-spring-cloud-config-server-repository/elastic-query-service.yml'}]
2022-06-30 02:52:33 [main] INFO  c.m.d.e.q.s.ElasticQueryServiceApplication - The following profiles are active: elastic_query
2022-06-30 02:52:34 [main] INFO  o.s.d.r.c.RepositoryConfigurationDelegate - Bootstrapping Spring Data Elasticsearch repositories in DEFAULT mode.
2022-06-30 02:52:34 [main] INFO  o.s.d.r.c.RepositoryConfigurationDelegate - Finished Spring Data repository scanning in 119ms. Found 2 Elasticsearch repository interfaces.
2022-06-30 02:52:35 [main] INFO  o.s.d.r.c.RepositoryConfigurationDelegate - Bootstrapping Spring Data Reactive Elasticsearch repositories in DEFAULT mode.
2022-06-30 02:52:35 [main] INFO  o.s.d.r.c.RepositoryConfigurationDelegate - Finished Spring Data repository scanning in 14ms. Found 0 Reactive Elasticsearch repository interfaces.
2022-06-30 02:52:35 [main] INFO  o.s.cloud.context.scope.GenericScope - BeanFactory id=a3c91c5c-edf1-3dba-9e8c-be05a5d8cb9a
2022-06-30 02:52:36 [main] INFO  o.s.b.w.e.tomcat.TomcatWebServer - Tomcat initialized with port(s): 8183 (http)
2022-06-30 02:52:36 [main] INFO  o.a.coyote.http11.Http11NioProtocol - Initializing ProtocolHandler ["http-nio-8183"]
2022-06-30 02:52:36 [main] INFO  o.a.catalina.core.StandardService - Starting service [Tomcat]
2022-06-30 02:52:36 [main] INFO  o.a.catalina.core.StandardEngine - Starting Servlet engine: [Apache Tomcat/9.0.38]
2022-06-30 02:52:36 [main] INFO  o.a.c.c.C.[.[.[/elastic-query-service] - Initializing Spring embedded WebApplicationContext
2022-06-30 02:52:36 [main] INFO  o.s.b.w.s.c.ServletWebServerApplicationContext - Root WebApplicationContext: initialization completed in 2409 ms
2022-06-30 02:52:36 [main] WARN  o.s.data.convert.CustomConversions - Registering converter from class org.springframework.data.geo.Point to interface java.util.Map as writing converter although it doesn't convert to a store-supported type! You might want to check your annotation setup at the converter implementation.
2022-06-30 02:52:36 [main] WARN  o.s.data.convert.CustomConversions - Registering converter from interface java.util.Map to class org.springframework.data.geo.Point as reading converter although it doesn't convert from a store-supported type! You might want to check your annotation setup at the converter implementation.
2022-06-30 02:52:36 [main] WARN  o.s.data.convert.CustomConversions - Registering converter from class org.springframework.data.elasticsearch.core.geo.GeoPoint to interface java.util.Map as writing converter although it doesn't convert to a store-supported type! You might want to check your annotation setup at the converter implementation.
2022-06-30 02:52:36 [main] WARN  o.s.data.convert.CustomConversions - Registering converter from interface java.util.Map to class org.springframework.data.elasticsearch.core.geo.GeoPoint as reading converter although it doesn't convert from a store-supported type! You might want to check your annotation setup at the converter implementation.
2022-06-30 02:52:36 [main] WARN  o.s.data.convert.CustomConversions - Registering converter from class org.springframework.data.geo.Point to interface java.util.Map as writing converter although it doesn't convert to a store-supported type! You might want to check your annotation setup at the converter implementation.
2022-06-30 02:52:36 [main] WARN  o.s.data.convert.CustomConversions - Registering converter from interface java.util.Map to class org.springframework.data.geo.Point as reading converter although it doesn't convert from a store-supported type! You might want to check your annotation setup at the converter implementation.
2022-06-30 02:52:36 [main] WARN  o.s.data.convert.CustomConversions - Registering converter from class org.springframework.data.elasticsearch.core.geo.GeoPoint to interface java.util.Map as writing converter although it doesn't convert to a store-supported type! You might want to check your annotation setup at the converter implementation.
2022-06-30 02:52:36 [main] WARN  o.s.data.convert.CustomConversions - Registering converter from interface java.util.Map to class org.springframework.data.elasticsearch.core.geo.GeoPoint as reading converter although it doesn't convert from a store-supported type! You might want to check your annotation setup at the converter implementation.
2022-06-30 02:52:38 [main] INFO  o.s.d.e.support.VersionInfo - Version Spring Data Elasticsearch: 4.0.4.RELEASE
2022-06-30 02:52:38 [main] INFO  o.s.d.e.support.VersionInfo - Version Elasticsearch Client in build: 7.6.2
2022-06-30 02:52:38 [main] INFO  o.s.d.e.support.VersionInfo - Version Elasticsearch Client used: 7.9.1
2022-06-30 02:52:38 [main] WARN  o.s.d.e.support.VersionInfo - Version mismatch in between Elasticsearch Clients build/use: 7.6.2 - 7.9.1
2022-06-30 02:52:38 [main] INFO  o.s.d.e.support.VersionInfo - Version Elasticsearch cluster: 7.12.0
2022-06-30 02:52:38 [main] WARN  o.s.d.e.support.VersionInfo - Version mismatch in between Elasticsearch Client and Cluster: 7.9.1 - 7.12.0
2022-06-30 02:52:41 [main] INFO  o.s.s.web.DefaultSecurityFilterChain - Creating filter chain: any request, [org.springframework.security.web.context.request.async.WebAsyncManagerIntegrationFilter@6fde6f05, org.springframework.security.web.context.SecurityContextPersistenceFilter@1124910c, org.springframework.security.web.header.HeaderWriterFilter@5a899811, org.springframework.security.web.authentication.logout.LogoutFilter@76af34b5, org.springframework.security.web.authentication.www.BasicAuthenticationFilter@259195fe, org.springframework.security.web.savedrequest.RequestCacheAwareFilter@4a9869a8, org.springframework.security.web.servletapi.SecurityContextHolderAwareRequestFilter@4a9b92c6, org.springframework.security.web.authentication.AnonymousAuthenticationFilter@7114e780, org.springframework.security.web.session.SessionManagementFilter@7fd751de, org.springframework.security.web.access.ExceptionTranslationFilter@315b4202, org.springframework.security.web.access.intercept.FilterSecurityInterceptor@2a7bc16b]
2022-06-30 02:52:41 [main] INFO  o.s.s.c.ThreadPoolTaskExecutor - Initializing ExecutorService 'applicationTaskExecutor'
2022-06-30 02:52:42 [main] INFO  o.a.coyote.http11.Http11NioProtocol - Starting ProtocolHandler ["http-nio-8183"]
2022-06-30 02:52:42 [main] INFO  o.s.b.w.e.tomcat.TomcatWebServer - Tomcat started on port(s): 8183 (http) with context path '/elastic-query-service'
2022-06-30 02:52:43 [main] INFO  c.m.d.e.q.s.ElasticQueryServiceApplication - Started ElasticQueryServiceApplication in 13.762 seconds (JVM running for 15.632)
2022-06-30 02:52:53 [http-nio-8183-exec-2] INFO  o.a.c.c.C.[.[.[/elastic-query-service] - Initializing Spring DispatcherServlet 'dispatcherServlet'
2022-06-30 02:52:53 [http-nio-8183-exec-2] INFO  o.s.web.servlet.DispatcherServlet - Initializing Servlet 'dispatcherServlet'
2022-06-30 02:52:53 [http-nio-8183-exec-2] INFO  o.s.web.servlet.DispatcherServlet - Completed initialization in 10 ms
2022-06-30 02:53:30 [http-nio-8183-exec-6] INFO  c.m.d.e.q.s.a.ElasticDocumentController - Elasticsearch returned 0 of documents
2022-06-30 02:56:09 [SpringContextShutdownHook] INFO  o.s.s.c.ThreadPoolTaskExecutor - Shutting down ExecutorService 'applicationTaskExecutor'
2022-06-30 03:17:58 [background-preinit] INFO  o.h.validator.internal.util.Version - HV000001: Hibernate Validator 6.1.5.Final
2022-06-30 03:17:59 [main] INFO  o.s.c.c.c.ConfigServicePropertySourceLocator - Fetching config from server at : http://localhost:8888
2022-06-30 03:18:01 [main] INFO  o.s.c.c.c.ConfigServicePropertySourceLocator - Located environment: name=elastic-query-service,application, profiles=[elastic_query], label=null, version=3bd80c2c545a30541ccc53a5df4945bf8d66f0ac, state=null
2022-06-30 03:18:01 [main] INFO  o.s.c.b.c.PropertySourceBootstrapConfiguration - Located property source: [BootstrapPropertySource {name='bootstrapProperties-configClient'}, BootstrapPropertySource {name='bootstrapProperties-https://github.com/MiBoutaj/MiBoutaj-spring-cloud-config-server-repository/application.yml'}, BootstrapPropertySource {name='bootstrapProperties-https://github.com/MiBoutaj/MiBoutaj-spring-cloud-config-server-repository/elastic-query-service.yml'}]
2022-06-30 03:18:01 [main] INFO  c.m.d.e.q.s.ElasticQueryServiceApplication - The following profiles are active: elastic_query
2022-06-30 03:18:02 [main] INFO  o.s.d.r.c.RepositoryConfigurationDelegate - Bootstrapping Spring Data Elasticsearch repositories in DEFAULT mode.
2022-06-30 03:18:02 [main] INFO  o.s.d.r.c.RepositoryConfigurationDelegate - Finished Spring Data repository scanning in 110ms. Found 2 Elasticsearch repository interfaces.
2022-06-30 03:18:02 [main] INFO  o.s.d.r.c.RepositoryConfigurationDelegate - Bootstrapping Spring Data Reactive Elasticsearch repositories in DEFAULT mode.
2022-06-30 03:18:02 [main] INFO  o.s.d.r.c.RepositoryConfigurationDelegate - Finished Spring Data repository scanning in 14ms. Found 0 Reactive Elasticsearch repository interfaces.
2022-06-30 03:18:03 [main] INFO  o.s.cloud.context.scope.GenericScope - BeanFactory id=297a0cf7-d6ef-354b-b0ef-137ee734cae7
2022-06-30 03:18:03 [main] INFO  o.s.b.w.e.tomcat.TomcatWebServer - Tomcat initialized with port(s): 8183 (http)
2022-06-30 03:18:03 [main] INFO  o.a.coyote.http11.Http11NioProtocol - Initializing ProtocolHandler ["http-nio-8183"]
2022-06-30 03:18:03 [main] INFO  o.a.catalina.core.StandardService - Starting service [Tomcat]
2022-06-30 03:18:03 [main] INFO  o.a.catalina.core.StandardEngine - Starting Servlet engine: [Apache Tomcat/9.0.38]
2022-06-30 03:18:03 [main] INFO  o.a.c.c.C.[.[.[/elastic-query-service] - Initializing Spring embedded WebApplicationContext
2022-06-30 03:18:03 [main] INFO  o.s.b.w.s.c.ServletWebServerApplicationContext - Root WebApplicationContext: initialization completed in 2145 ms
2022-06-30 03:18:04 [main] WARN  o.s.data.convert.CustomConversions - Registering converter from class org.springframework.data.geo.Point to interface java.util.Map as writing converter although it doesn't convert to a store-supported type! You might want to check your annotation setup at the converter implementation.
2022-06-30 03:18:04 [main] WARN  o.s.data.convert.CustomConversions - Registering converter from interface java.util.Map to class org.springframework.data.geo.Point as reading converter although it doesn't convert from a store-supported type! You might want to check your annotation setup at the converter implementation.
2022-06-30 03:18:04 [main] WARN  o.s.data.convert.CustomConversions - Registering converter from class org.springframework.data.elasticsearch.core.geo.GeoPoint to interface java.util.Map as writing converter although it doesn't convert to a store-supported type! You might want to check your annotation setup at the converter implementation.
2022-06-30 03:18:04 [main] WARN  o.s.data.convert.CustomConversions - Registering converter from interface java.util.Map to class org.springframework.data.elasticsearch.core.geo.GeoPoint as reading converter although it doesn't convert from a store-supported type! You might want to check your annotation setup at the converter implementation.
2022-06-30 03:18:04 [main] WARN  o.s.data.convert.CustomConversions - Registering converter from class org.springframework.data.geo.Point to interface java.util.Map as writing converter although it doesn't convert to a store-supported type! You might want to check your annotation setup at the converter implementation.
2022-06-30 03:18:04 [main] WARN  o.s.data.convert.CustomConversions - Registering converter from interface java.util.Map to class org.springframework.data.geo.Point as reading converter although it doesn't convert from a store-supported type! You might want to check your annotation setup at the converter implementation.
2022-06-30 03:18:04 [main] WARN  o.s.data.convert.CustomConversions - Registering converter from class org.springframework.data.elasticsearch.core.geo.GeoPoint to interface java.util.Map as writing converter although it doesn't convert to a store-supported type! You might want to check your annotation setup at the converter implementation.
2022-06-30 03:18:04 [main] WARN  o.s.data.convert.CustomConversions - Registering converter from interface java.util.Map to class org.springframework.data.elasticsearch.core.geo.GeoPoint as reading converter although it doesn't convert from a store-supported type! You might want to check your annotation setup at the converter implementation.
2022-06-30 03:18:04 [main] INFO  o.s.d.e.support.VersionInfo - Version Spring Data Elasticsearch: 4.0.4.RELEASE
2022-06-30 03:18:04 [main] INFO  o.s.d.e.support.VersionInfo - Version Elasticsearch Client in build: 7.6.2
2022-06-30 03:18:04 [main] INFO  o.s.d.e.support.VersionInfo - Version Elasticsearch Client used: 7.9.1
2022-06-30 03:18:04 [main] WARN  o.s.d.e.support.VersionInfo - Version mismatch in between Elasticsearch Clients build/use: 7.6.2 - 7.9.1
2022-06-30 03:18:04 [main] INFO  o.s.d.e.support.VersionInfo - Version Elasticsearch cluster: 7.12.0
2022-06-30 03:18:04 [main] WARN  o.s.d.e.support.VersionInfo - Version mismatch in between Elasticsearch Client and Cluster: 7.9.1 - 7.12.0
2022-06-30 03:18:05 [main] INFO  o.s.s.web.DefaultSecurityFilterChain - Creating filter chain: any request, [org.springframework.security.web.context.request.async.WebAsyncManagerIntegrationFilter@3d6778d5, org.springframework.security.web.context.SecurityContextPersistenceFilter@27dc335a, org.springframework.security.web.header.HeaderWriterFilter@12214f2f, org.springframework.security.web.authentication.logout.LogoutFilter@323e026d, org.springframework.security.web.authentication.www.BasicAuthenticationFilter@33187485, org.springframework.security.web.savedrequest.RequestCacheAwareFilter@915d7c4, org.springframework.security.web.servletapi.SecurityContextHolderAwareRequestFilter@6029f2a4, org.springframework.security.web.authentication.AnonymousAuthenticationFilter@a84338a, org.springframework.security.web.session.SessionManagementFilter@39374689, org.springframework.security.web.access.ExceptionTranslationFilter@7645e64, org.springframework.security.web.access.intercept.FilterSecurityInterceptor@2d9de284]
2022-06-30 03:18:06 [main] INFO  o.s.s.c.ThreadPoolTaskExecutor - Initializing ExecutorService 'applicationTaskExecutor'
2022-06-30 03:18:06 [main] INFO  o.a.coyote.http11.Http11NioProtocol - Starting ProtocolHandler ["http-nio-8183"]
2022-06-30 03:18:06 [main] INFO  o.s.b.w.e.tomcat.TomcatWebServer - Tomcat started on port(s): 8183 (http) with context path '/elastic-query-service'
2022-06-30 03:18:06 [main] INFO  c.m.d.e.q.s.ElasticQueryServiceApplication - Started ElasticQueryServiceApplication in 9.769 seconds (JVM running for 12.141)
2022-06-30 03:18:39 [http-nio-8183-exec-2] INFO  o.a.c.c.C.[.[.[/elastic-query-service] - Initializing Spring DispatcherServlet 'dispatcherServlet'
2022-06-30 03:18:39 [http-nio-8183-exec-2] INFO  o.s.web.servlet.DispatcherServlet - Initializing Servlet 'dispatcherServlet'
2022-06-30 03:18:39 [http-nio-8183-exec-2] INFO  o.s.web.servlet.DispatcherServlet - Completed initialization in 12 ms
2022-06-30 03:18:39 [http-nio-8183-exec-2] WARN  o.a.c.util.SessionIdGeneratorBase - Creation of SecureRandom instance for session ID generation using [SHA1PRNG] took [103] milliseconds.
2022-06-30 03:18:56 [http-nio-8183-exec-4] INFO  c.m.d.e.q.s.b.i.TwitterElasticQueryService - Querying all documents in elasticsearch
2022-06-30 03:18:57 [http-nio-8183-exec-4] INFO  c.m.d.e.q.c.s.i.TwitterElasticRepositoryQueryClient - 1648 number of documents retrieved successfully
2022-06-30 03:18:57 [http-nio-8183-exec-4] INFO  c.m.d.e.q.s.a.ElasticDocumentController - Elasticsearch returned 1648 of documents
2022-06-30 03:19:28 [http-nio-8183-exec-5] INFO  c.m.d.e.q.s.b.i.TwitterElasticQueryService - Querying elasticsearch by id 8344197892612759633
2022-06-30 03:19:28 [http-nio-8183-exec-5] INFO  c.m.d.e.q.c.s.i.TwitterElasticRepositoryQueryClient - Document with id 8344197892612759633 retrieved successfully
2022-06-30 03:20:27 [http-nio-8183-exec-7] INFO  c.m.d.e.q.s.b.i.TwitterElasticQueryService - Querying all documents in elasticsearch
2022-06-30 03:20:28 [http-nio-8183-exec-7] INFO  c.m.d.e.q.c.s.i.TwitterElasticRepositoryQueryClient - 1657 number of documents retrieved successfully
2022-06-30 03:20:28 [http-nio-8183-exec-7] INFO  c.m.d.e.q.s.a.ElasticDocumentController - Elasticsearch returned 1657 of documents
2022-06-30 03:21:58 [SpringContextShutdownHook] INFO  o.s.s.c.ThreadPoolTaskExecutor - Shutting down ExecutorService 'applicationTaskExecutor'
2022-06-30 03:22:22 [background-preinit] INFO  o.h.validator.internal.util.Version - HV000001: Hibernate Validator 6.1.5.Final
2022-06-30 03:22:25 [main] INFO  o.s.c.c.c.ConfigServicePropertySourceLocator - Fetching config from server at : http://localhost:8888
2022-06-30 03:22:30 [main] INFO  o.s.c.c.c.ConfigServicePropertySourceLocator - Located environment: name=elastic-query-service,application, profiles=[elastic_query], label=null, version=3bd80c2c545a30541ccc53a5df4945bf8d66f0ac, state=null
2022-06-30 03:22:30 [main] INFO  o.s.c.b.c.PropertySourceBootstrapConfiguration - Located property source: [BootstrapPropertySource {name='bootstrapProperties-configClient'}, BootstrapPropertySource {name='bootstrapProperties-https://github.com/MiBoutaj/MiBoutaj-spring-cloud-config-server-repository/application.yml'}, BootstrapPropertySource {name='bootstrapProperties-https://github.com/MiBoutaj/MiBoutaj-spring-cloud-config-server-repository/elastic-query-service.yml'}]
2022-06-30 03:22:30 [main] INFO  c.m.d.e.q.s.ElasticQueryServiceApplication - The following profiles are active: elastic_query
2022-06-30 03:22:31 [main] INFO  o.s.d.r.c.RepositoryConfigurationDelegate - Bootstrapping Spring Data Elasticsearch repositories in DEFAULT mode.
2022-06-30 03:22:32 [main] INFO  o.s.d.r.c.RepositoryConfigurationDelegate - Finished Spring Data repository scanning in 148ms. Found 2 Elasticsearch repository interfaces.
2022-06-30 03:22:32 [main] INFO  o.s.d.r.c.RepositoryConfigurationDelegate - Bootstrapping Spring Data Reactive Elasticsearch repositories in DEFAULT mode.
2022-06-30 03:22:32 [main] INFO  o.s.d.r.c.RepositoryConfigurationDelegate - Finished Spring Data repository scanning in 21ms. Found 0 Reactive Elasticsearch repository interfaces.
2022-06-30 03:22:32 [main] INFO  o.s.cloud.context.scope.GenericScope - BeanFactory id=297a0cf7-d6ef-354b-b0ef-137ee734cae7
2022-06-30 03:22:33 [main] INFO  o.s.b.w.e.tomcat.TomcatWebServer - Tomcat initialized with port(s): 8183 (http)
2022-06-30 03:22:33 [main] INFO  o.a.coyote.http11.Http11NioProtocol - Initializing ProtocolHandler ["http-nio-8183"]
2022-06-30 03:22:33 [main] INFO  o.a.catalina.core.StandardService - Starting service [Tomcat]
2022-06-30 03:22:33 [main] INFO  o.a.catalina.core.StandardEngine - Starting Servlet engine: [Apache Tomcat/9.0.38]
2022-06-30 03:22:33 [main] INFO  o.a.c.c.C.[.[.[/elastic-query-service] - Initializing Spring embedded WebApplicationContext
2022-06-30 03:22:33 [main] INFO  o.s.b.w.s.c.ServletWebServerApplicationContext - Root WebApplicationContext: initialization completed in 2948 ms
2022-06-30 03:22:33 [main] WARN  o.s.data.convert.CustomConversions - Registering converter from class org.springframework.data.geo.Point to interface java.util.Map as writing converter although it doesn't convert to a store-supported type! You might want to check your annotation setup at the converter implementation.
2022-06-30 03:22:33 [main] WARN  o.s.data.convert.CustomConversions - Registering converter from interface java.util.Map to class org.springframework.data.geo.Point as reading converter although it doesn't convert from a store-supported type! You might want to check your annotation setup at the converter implementation.
2022-06-30 03:22:33 [main] WARN  o.s.data.convert.CustomConversions - Registering converter from class org.springframework.data.elasticsearch.core.geo.GeoPoint to interface java.util.Map as writing converter although it doesn't convert to a store-supported type! You might want to check your annotation setup at the converter implementation.
2022-06-30 03:22:33 [main] WARN  o.s.data.convert.CustomConversions - Registering converter from interface java.util.Map to class org.springframework.data.elasticsearch.core.geo.GeoPoint as reading converter although it doesn't convert from a store-supported type! You might want to check your annotation setup at the converter implementation.
2022-06-30 03:22:34 [main] WARN  o.s.data.convert.CustomConversions - Registering converter from class org.springframework.data.geo.Point to interface java.util.Map as writing converter although it doesn't convert to a store-supported type! You might want to check your annotation setup at the converter implementation.
2022-06-30 03:22:34 [main] WARN  o.s.data.convert.CustomConversions - Registering converter from interface java.util.Map to class org.springframework.data.geo.Point as reading converter although it doesn't convert from a store-supported type! You might want to check your annotation setup at the converter implementation.
2022-06-30 03:22:34 [main] WARN  o.s.data.convert.CustomConversions - Registering converter from class org.springframework.data.elasticsearch.core.geo.GeoPoint to interface java.util.Map as writing converter although it doesn't convert to a store-supported type! You might want to check your annotation setup at the converter implementation.
2022-06-30 03:22:34 [main] WARN  o.s.data.convert.CustomConversions - Registering converter from interface java.util.Map to class org.springframework.data.elasticsearch.core.geo.GeoPoint as reading converter although it doesn't convert from a store-supported type! You might want to check your annotation setup at the converter implementation.
2022-06-30 03:22:35 [main] INFO  o.s.d.e.support.VersionInfo - Version Spring Data Elasticsearch: 4.0.4.RELEASE
2022-06-30 03:22:35 [main] INFO  o.s.d.e.support.VersionInfo - Version Elasticsearch Client in build: 7.6.2
2022-06-30 03:22:35 [main] INFO  o.s.d.e.support.VersionInfo - Version Elasticsearch Client used: 7.9.1
2022-06-30 03:22:35 [main] WARN  o.s.d.e.support.VersionInfo - Version mismatch in between Elasticsearch Clients build/use: 7.6.2 - 7.9.1
2022-06-30 03:22:35 [main] INFO  o.s.d.e.support.VersionInfo - Version Elasticsearch cluster: 7.12.0
2022-06-30 03:22:35 [main] WARN  o.s.d.e.support.VersionInfo - Version mismatch in between Elasticsearch Client and Cluster: 7.9.1 - 7.12.0
2022-06-30 03:22:36 [main] INFO  o.s.s.web.DefaultSecurityFilterChain - Creating filter chain: any request, [org.springframework.security.web.context.request.async.WebAsyncManagerIntegrationFilter@1f9a7684, org.springframework.security.web.context.SecurityContextPersistenceFilter@1f408ab6, org.springframework.security.web.header.HeaderWriterFilter@77ff14ce, org.springframework.security.web.authentication.logout.LogoutFilter@55e91e61, org.springframework.security.web.authentication.www.BasicAuthenticationFilter@573a078, org.springframework.security.web.savedrequest.RequestCacheAwareFilter@53f495f0, org.springframework.security.web.servletapi.SecurityContextHolderAwareRequestFilter@3b3546a3, org.springframework.security.web.authentication.AnonymousAuthenticationFilter@3b30eec5, org.springframework.security.web.session.SessionManagementFilter@74fc3fc7, org.springframework.security.web.access.ExceptionTranslationFilter@41938e1e, org.springframework.security.web.access.intercept.FilterSecurityInterceptor@3cf4dec7]
2022-06-30 03:22:36 [main] INFO  o.s.s.c.ThreadPoolTaskExecutor - Initializing ExecutorService 'applicationTaskExecutor'
2022-06-30 03:22:37 [main] INFO  o.a.coyote.http11.Http11NioProtocol - Starting ProtocolHandler ["http-nio-8183"]
2022-06-30 03:22:37 [main] INFO  o.s.b.w.e.tomcat.TomcatWebServer - Tomcat started on port(s): 8183 (http) with context path '/elastic-query-service'
2022-06-30 03:22:37 [main] INFO  c.m.d.e.q.s.ElasticQueryServiceApplication - Started ElasticQueryServiceApplication in 16.592 seconds (JVM running for 19.756)
2022-06-30 03:22:57 [http-nio-8183-exec-2] INFO  o.a.c.c.C.[.[.[/elastic-query-service] - Initializing Spring DispatcherServlet 'dispatcherServlet'
2022-06-30 03:22:57 [http-nio-8183-exec-2] INFO  o.s.web.servlet.DispatcherServlet - Initializing Servlet 'dispatcherServlet'
2022-06-30 03:22:57 [http-nio-8183-exec-2] INFO  o.s.web.servlet.DispatcherServlet - Completed initialization in 9 ms
2022-06-30 03:22:57 [http-nio-8183-exec-2] INFO  c.m.d.e.q.s.b.i.TwitterElasticQueryService - Querying all documents in elasticsearch
2022-06-30 03:22:58 [http-nio-8183-exec-2] INFO  c.m.d.e.q.c.s.i.TwitterElasticRepositoryQueryClient - 1672 number of documents retrieved successfully
2022-06-30 03:22:58 [http-nio-8183-exec-2] INFO  c.m.d.e.q.s.a.ElasticDocumentController - Elasticsearch returned 1672 of documents
2022-06-30 03:25:17 [SpringContextShutdownHook] INFO  o.s.s.c.ThreadPoolTaskExecutor - Shutting down ExecutorService 'applicationTaskExecutor'
2022-06-30 03:25:30 [background-preinit] INFO  o.h.validator.internal.util.Version - HV000001: Hibernate Validator 6.1.5.Final
2022-06-30 03:25:32 [main] INFO  o.s.c.c.c.ConfigServicePropertySourceLocator - Fetching config from server at : http://localhost:8888
2022-06-30 03:25:34 [main] INFO  o.s.c.c.c.ConfigServicePropertySourceLocator - Located environment: name=elastic-query-service,application, profiles=[elastic_query], label=null, version=3bd80c2c545a30541ccc53a5df4945bf8d66f0ac, state=null
2022-06-30 03:25:34 [main] INFO  o.s.c.b.c.PropertySourceBootstrapConfiguration - Located property source: [BootstrapPropertySource {name='bootstrapProperties-configClient'}, BootstrapPropertySource {name='bootstrapProperties-https://github.com/MiBoutaj/MiBoutaj-spring-cloud-config-server-repository/application.yml'}, BootstrapPropertySource {name='bootstrapProperties-https://github.com/MiBoutaj/MiBoutaj-spring-cloud-config-server-repository/elastic-query-service.yml'}]
2022-06-30 03:25:34 [main] INFO  c.m.d.e.q.s.ElasticQueryServiceApplication - The following profiles are active: elastic_query
2022-06-30 03:25:36 [main] INFO  o.s.d.r.c.RepositoryConfigurationDelegate - Bootstrapping Spring Data Elasticsearch repositories in DEFAULT mode.
2022-06-30 03:25:36 [main] INFO  o.s.d.r.c.RepositoryConfigurationDelegate - Finished Spring Data repository scanning in 221ms. Found 2 Elasticsearch repository interfaces.
2022-06-30 03:25:36 [main] INFO  o.s.d.r.c.RepositoryConfigurationDelegate - Bootstrapping Spring Data Reactive Elasticsearch repositories in DEFAULT mode.
2022-06-30 03:25:36 [main] INFO  o.s.d.r.c.RepositoryConfigurationDelegate - Finished Spring Data repository scanning in 30ms. Found 0 Reactive Elasticsearch repository interfaces.
2022-06-30 03:25:37 [main] INFO  o.s.cloud.context.scope.GenericScope - BeanFactory id=297a0cf7-d6ef-354b-b0ef-137ee734cae7
2022-06-30 03:25:38 [main] INFO  o.s.b.w.e.tomcat.TomcatWebServer - Tomcat initialized with port(s): 8183 (http)
2022-06-30 03:25:38 [main] INFO  o.a.coyote.http11.Http11NioProtocol - Initializing ProtocolHandler ["http-nio-8183"]
2022-06-30 03:25:38 [main] INFO  o.a.catalina.core.StandardService - Starting service [Tomcat]
2022-06-30 03:25:38 [main] INFO  o.a.catalina.core.StandardEngine - Starting Servlet engine: [Apache Tomcat/9.0.38]
2022-06-30 03:25:38 [main] INFO  o.a.c.c.C.[.[.[/elastic-query-service] - Initializing Spring embedded WebApplicationContext
2022-06-30 03:25:38 [main] INFO  o.s.b.w.s.c.ServletWebServerApplicationContext - Root WebApplicationContext: initialization completed in 3846 ms
2022-06-30 03:25:39 [main] WARN  o.s.data.convert.CustomConversions - Registering converter from class org.springframework.data.geo.Point to interface java.util.Map as writing converter although it doesn't convert to a store-supported type! You might want to check your annotation setup at the converter implementation.
2022-06-30 03:25:39 [main] WARN  o.s.data.convert.CustomConversions - Registering converter from interface java.util.Map to class org.springframework.data.geo.Point as reading converter although it doesn't convert from a store-supported type! You might want to check your annotation setup at the converter implementation.
2022-06-30 03:25:39 [main] WARN  o.s.data.convert.CustomConversions - Registering converter from class org.springframework.data.elasticsearch.core.geo.GeoPoint to interface java.util.Map as writing converter although it doesn't convert to a store-supported type! You might want to check your annotation setup at the converter implementation.
2022-06-30 03:25:39 [main] WARN  o.s.data.convert.CustomConversions - Registering converter from interface java.util.Map to class org.springframework.data.elasticsearch.core.geo.GeoPoint as reading converter although it doesn't convert from a store-supported type! You might want to check your annotation setup at the converter implementation.
2022-06-30 03:25:39 [main] WARN  o.s.data.convert.CustomConversions - Registering converter from class org.springframework.data.geo.Point to interface java.util.Map as writing converter although it doesn't convert to a store-supported type! You might want to check your annotation setup at the converter implementation.
2022-06-30 03:25:39 [main] WARN  o.s.data.convert.CustomConversions - Registering converter from interface java.util.Map to class org.springframework.data.geo.Point as reading converter although it doesn't convert from a store-supported type! You might want to check your annotation setup at the converter implementation.
2022-06-30 03:25:39 [main] WARN  o.s.data.convert.CustomConversions - Registering converter from class org.springframework.data.elasticsearch.core.geo.GeoPoint to interface java.util.Map as writing converter although it doesn't convert to a store-supported type! You might want to check your annotation setup at the converter implementation.
2022-06-30 03:25:39 [main] WARN  o.s.data.convert.CustomConversions - Registering converter from interface java.util.Map to class org.springframework.data.elasticsearch.core.geo.GeoPoint as reading converter although it doesn't convert from a store-supported type! You might want to check your annotation setup at the converter implementation.
2022-06-30 03:25:39 [main] INFO  o.s.d.e.support.VersionInfo - Version Spring Data Elasticsearch: 4.0.4.RELEASE
2022-06-30 03:25:39 [main] INFO  o.s.d.e.support.VersionInfo - Version Elasticsearch Client in build: 7.6.2
2022-06-30 03:25:39 [main] INFO  o.s.d.e.support.VersionInfo - Version Elasticsearch Client used: 7.9.1
2022-06-30 03:25:39 [main] WARN  o.s.d.e.support.VersionInfo - Version mismatch in between Elasticsearch Clients build/use: 7.6.2 - 7.9.1
2022-06-30 03:25:39 [main] INFO  o.s.d.e.support.VersionInfo - Version Elasticsearch cluster: 7.12.0
2022-06-30 03:25:39 [main] WARN  o.s.d.e.support.VersionInfo - Version mismatch in between Elasticsearch Client and Cluster: 7.9.1 - 7.12.0
2022-06-30 03:25:41 [main] INFO  o.s.s.web.DefaultSecurityFilterChain - Creating filter chain: any request, [org.springframework.security.web.context.request.async.WebAsyncManagerIntegrationFilter@1f9a7684, org.springframework.security.web.context.SecurityContextPersistenceFilter@1f408ab6, org.springframework.security.web.header.HeaderWriterFilter@77ff14ce, org.springframework.security.web.authentication.logout.LogoutFilter@55e91e61, org.springframework.security.web.authentication.www.BasicAuthenticationFilter@573a078, org.springframework.security.web.savedrequest.RequestCacheAwareFilter@53f495f0, org.springframework.security.web.servletapi.SecurityContextHolderAwareRequestFilter@3b3546a3, org.springframework.security.web.authentication.AnonymousAuthenticationFilter@3b30eec5, org.springframework.security.web.session.SessionManagementFilter@74fc3fc7, org.springframework.security.web.access.ExceptionTranslationFilter@41938e1e, org.springframework.security.web.access.intercept.FilterSecurityInterceptor@3cf4dec7]
2022-06-30 03:25:41 [main] INFO  o.s.s.c.ThreadPoolTaskExecutor - Initializing ExecutorService 'applicationTaskExecutor'
2022-06-30 03:25:42 [main] INFO  o.a.coyote.http11.Http11NioProtocol - Starting ProtocolHandler ["http-nio-8183"]
2022-06-30 03:25:42 [main] INFO  o.s.b.w.e.tomcat.TomcatWebServer - Tomcat started on port(s): 8183 (http) with context path '/elastic-query-service'
2022-06-30 03:25:42 [main] INFO  c.m.d.e.q.s.ElasticQueryServiceApplication - Started ElasticQueryServiceApplication in 13.866 seconds (JVM running for 18.023)
2022-06-30 03:25:51 [http-nio-8183-exec-2] INFO  o.a.c.c.C.[.[.[/elastic-query-service] - Initializing Spring DispatcherServlet 'dispatcherServlet'
2022-06-30 03:25:51 [http-nio-8183-exec-2] INFO  o.s.web.servlet.DispatcherServlet - Initializing Servlet 'dispatcherServlet'
2022-06-30 03:25:51 [http-nio-8183-exec-2] INFO  o.s.web.servlet.DispatcherServlet - Completed initialization in 14 ms
2022-06-30 03:25:51 [http-nio-8183-exec-2] INFO  c.m.d.e.q.s.b.i.TwitterElasticQueryService - Querying all documents in elasticsearch
2022-06-30 03:25:52 [http-nio-8183-exec-2] INFO  c.m.d.e.q.c.s.i.TwitterElasticRepositoryQueryClient - 1689 number of documents retrieved successfully
2022-06-30 03:25:52 [http-nio-8183-exec-2] INFO  c.m.d.e.q.s.a.ElasticDocumentController - Elasticsearch returned 1689 of documents
2022-06-30 03:37:11 [SpringContextShutdownHook] INFO  o.s.s.c.ThreadPoolTaskExecutor - Shutting down ExecutorService 'applicationTaskExecutor'
2022-06-30 03:40:48 [background-preinit] INFO  o.h.validator.internal.util.Version - HV000001: Hibernate Validator 6.1.5.Final
2022-06-30 03:40:49 [main] INFO  o.s.c.c.c.ConfigServicePropertySourceLocator - Fetching config from server at : http://localhost:8888
2022-06-30 03:40:51 [main] INFO  o.s.c.c.c.ConfigServicePropertySourceLocator - Located environment: name=elastic-query-service,application, profiles=[elastic_query], label=null, version=756998d60bc26048a256d66b73700cd61dcd1972, state=null
2022-06-30 03:40:51 [main] INFO  o.s.c.b.c.PropertySourceBootstrapConfiguration - Located property source: [BootstrapPropertySource {name='bootstrapProperties-configClient'}, BootstrapPropertySource {name='bootstrapProperties-https://github.com/MiBoutaj/MiBoutaj-spring-cloud-config-server-repository/application.yml'}, BootstrapPropertySource {name='bootstrapProperties-https://github.com/MiBoutaj/MiBoutaj-spring-cloud-config-server-repository/elastic-query-service.yml'}]
2022-06-30 03:40:51 [main] INFO  c.m.d.e.q.s.ElasticQueryServiceApplication - The following profiles are active: elastic_query
2022-06-30 03:40:52 [main] INFO  o.s.d.r.c.RepositoryConfigurationDelegate - Bootstrapping Spring Data Elasticsearch repositories in DEFAULT mode.
2022-06-30 03:40:52 [main] INFO  o.s.d.r.c.RepositoryConfigurationDelegate - Finished Spring Data repository scanning in 120ms. Found 2 Elasticsearch repository interfaces.
2022-06-30 03:40:52 [main] INFO  o.s.d.r.c.RepositoryConfigurationDelegate - Bootstrapping Spring Data Reactive Elasticsearch repositories in DEFAULT mode.
2022-06-30 03:40:52 [main] INFO  o.s.d.r.c.RepositoryConfigurationDelegate - Finished Spring Data repository scanning in 19ms. Found 0 Reactive Elasticsearch repository interfaces.
2022-06-30 03:40:53 [main] INFO  o.s.cloud.context.scope.GenericScope - BeanFactory id=1bc1d99a-389b-348e-a242-1d43829b0681
2022-06-30 03:40:53 [main] INFO  o.s.b.w.e.tomcat.TomcatWebServer - Tomcat initialized with port(s): 8183 (http)
2022-06-30 03:40:53 [main] INFO  o.a.coyote.http11.Http11NioProtocol - Initializing ProtocolHandler ["http-nio-8183"]
2022-06-30 03:40:53 [main] INFO  o.a.catalina.core.StandardService - Starting service [Tomcat]
2022-06-30 03:40:53 [main] INFO  o.a.catalina.core.StandardEngine - Starting Servlet engine: [Apache Tomcat/9.0.38]
2022-06-30 03:40:53 [main] INFO  o.a.c.c.C.[.[.[/elastic-query-service] - Initializing Spring embedded WebApplicationContext
2022-06-30 03:40:53 [main] INFO  o.s.b.w.s.c.ServletWebServerApplicationContext - Root WebApplicationContext: initialization completed in 2359 ms
2022-06-30 03:40:54 [main] WARN  o.s.data.convert.CustomConversions - Registering converter from class org.springframework.data.geo.Point to interface java.util.Map as writing converter although it doesn't convert to a store-supported type! You might want to check your annotation setup at the converter implementation.
2022-06-30 03:40:54 [main] WARN  o.s.data.convert.CustomConversions - Registering converter from interface java.util.Map to class org.springframework.data.geo.Point as reading converter although it doesn't convert from a store-supported type! You might want to check your annotation setup at the converter implementation.
2022-06-30 03:40:54 [main] WARN  o.s.data.convert.CustomConversions - Registering converter from class org.springframework.data.elasticsearch.core.geo.GeoPoint to interface java.util.Map as writing converter although it doesn't convert to a store-supported type! You might want to check your annotation setup at the converter implementation.
2022-06-30 03:40:54 [main] WARN  o.s.data.convert.CustomConversions - Registering converter from interface java.util.Map to class org.springframework.data.elasticsearch.core.geo.GeoPoint as reading converter although it doesn't convert from a store-supported type! You might want to check your annotation setup at the converter implementation.
2022-06-30 03:40:54 [main] WARN  o.s.data.convert.CustomConversions - Registering converter from class org.springframework.data.geo.Point to interface java.util.Map as writing converter although it doesn't convert to a store-supported type! You might want to check your annotation setup at the converter implementation.
2022-06-30 03:40:54 [main] WARN  o.s.data.convert.CustomConversions - Registering converter from interface java.util.Map to class org.springframework.data.geo.Point as reading converter although it doesn't convert from a store-supported type! You might want to check your annotation setup at the converter implementation.
2022-06-30 03:40:54 [main] WARN  o.s.data.convert.CustomConversions - Registering converter from class org.springframework.data.elasticsearch.core.geo.GeoPoint to interface java.util.Map as writing converter although it doesn't convert to a store-supported type! You might want to check your annotation setup at the converter implementation.
2022-06-30 03:40:54 [main] WARN  o.s.data.convert.CustomConversions - Registering converter from interface java.util.Map to class org.springframework.data.elasticsearch.core.geo.GeoPoint as reading converter although it doesn't convert from a store-supported type! You might want to check your annotation setup at the converter implementation.
2022-06-30 03:40:55 [main] INFO  o.s.d.e.support.VersionInfo - Version Spring Data Elasticsearch: 4.0.4.RELEASE
2022-06-30 03:40:55 [main] INFO  o.s.d.e.support.VersionInfo - Version Elasticsearch Client in build: 7.6.2
2022-06-30 03:40:55 [main] INFO  o.s.d.e.support.VersionInfo - Version Elasticsearch Client used: 7.9.1
2022-06-30 03:40:55 [main] WARN  o.s.d.e.support.VersionInfo - Version mismatch in between Elasticsearch Clients build/use: 7.6.2 - 7.9.1
2022-06-30 03:40:55 [main] INFO  o.s.d.e.support.VersionInfo - Version Elasticsearch cluster: 7.12.0
2022-06-30 03:40:55 [main] WARN  o.s.d.e.support.VersionInfo - Version mismatch in between Elasticsearch Client and Cluster: 7.9.1 - 7.12.0
2022-06-30 03:40:56 [main] INFO  o.s.s.web.DefaultSecurityFilterChain - Creating filter chain: Ant [pattern='/api-docs'], []
2022-06-30 03:40:56 [main] INFO  o.s.s.web.DefaultSecurityFilterChain - Creating filter chain: any request, [org.springframework.security.web.context.request.async.WebAsyncManagerIntegrationFilter@7a1ddbf1, org.springframework.security.web.context.SecurityContextPersistenceFilter@28b5662d, org.springframework.security.web.header.HeaderWriterFilter@4315fe1b, org.springframework.security.web.authentication.logout.LogoutFilter@87aec6a, org.springframework.security.web.authentication.www.BasicAuthenticationFilter@152e7703, org.springframework.security.web.savedrequest.RequestCacheAwareFilter@7e4ac598, org.springframework.security.web.servletapi.SecurityContextHolderAwareRequestFilter@7f2ca6f8, org.springframework.security.web.authentication.AnonymousAuthenticationFilter@1e606f64, org.springframework.security.web.session.SessionManagementFilter@7717b4a0, org.springframework.security.web.access.ExceptionTranslationFilter@e72fb04, org.springframework.security.web.access.intercept.FilterSecurityInterceptor@2487e20]
2022-06-30 03:40:56 [main] INFO  o.s.s.c.ThreadPoolTaskExecutor - Initializing ExecutorService 'applicationTaskExecutor'
2022-06-30 03:40:58 [main] INFO  o.a.coyote.http11.Http11NioProtocol - Starting ProtocolHandler ["http-nio-8183"]
2022-06-30 03:40:58 [main] INFO  o.s.b.w.e.tomcat.TomcatWebServer - Tomcat started on port(s): 8183 (http) with context path '/elastic-query-service'
2022-06-30 03:40:58 [main] INFO  c.m.d.e.q.s.ElasticQueryServiceApplication - Started ElasticQueryServiceApplication in 11.205 seconds (JVM running for 13.292)
2022-06-30 03:41:06 [http-nio-8183-exec-1] INFO  o.a.c.c.C.[.[.[/elastic-query-service] - Initializing Spring DispatcherServlet 'dispatcherServlet'
2022-06-30 03:41:06 [http-nio-8183-exec-1] INFO  o.s.web.servlet.DispatcherServlet - Initializing Servlet 'dispatcherServlet'
2022-06-30 03:41:06 [http-nio-8183-exec-1] INFO  o.s.web.servlet.DispatcherServlet - Completed initialization in 15 ms
2022-06-30 03:41:07 [http-nio-8183-exec-1] INFO  o.s.api.AbstractOpenApiResource - Init duration for springdoc-openapi is: 708 ms
