2022-06-30 00:12:58 [background-preinit] INFO  o.h.validator.internal.util.Version - HV000001: Hibernate Validator 6.1.5.Final
2022-06-30 00:13:00 [main] INFO  c.m.demo.config.server.ConfigServer - No active profile set, falling back to default profiles: default
2022-06-30 00:13:01 [main] INFO  o.s.cloud.context.scope.GenericScope - BeanFactory id=9f2b0f5b-a5d0-3e50-ac08-c75b27d86a88
2022-06-30 00:13:01 [main] INFO  o.s.b.w.e.tomcat.TomcatWebServer - Tomcat initialized with port(s): 8888 (http)
2022-06-30 00:13:01 [main] INFO  o.a.coyote.http11.Http11NioProtocol - Initializing ProtocolHandler ["http-nio-8888"]
2022-06-30 00:13:01 [main] INFO  o.a.catalina.core.StandardService - Starting service [Tomcat]
2022-06-30 00:13:01 [main] INFO  o.a.catalina.core.StandardEngine - Starting Servlet engine: [Apache Tomcat/9.0.38]
2022-06-30 00:13:02 [main] INFO  o.a.c.c.C.[Tomcat].[localhost].[/] - Initializing Spring embedded WebApplicationContext
2022-06-30 00:13:02 [main] INFO  o.s.b.w.s.c.ServletWebServerApplicationContext - Root WebApplicationContext: initialization completed in 1909 ms
2022-06-30 00:13:02 [main] INFO  o.s.s.c.ThreadPoolTaskExecutor - Initializing ExecutorService 'applicationTaskExecutor'
2022-06-30 00:13:05 [main] INFO  o.s.s.web.DefaultSecurityFilterChain - Creating filter chain: Ant [pattern='/encrypt/**'], []
2022-06-30 00:13:05 [main] INFO  o.s.s.web.DefaultSecurityFilterChain - Creating filter chain: Ant [pattern='/decrypt/**'], []
2022-06-30 00:13:05 [main] INFO  o.s.s.web.DefaultSecurityFilterChain - Creating filter chain: any request, [org.springframework.security.web.context.request.async.WebAsyncManagerIntegrationFilter@34a33343, org.springframework.security.web.context.SecurityContextPersistenceFilter@5ad40184, org.springframework.security.web.header.HeaderWriterFilter@2dde0a34, org.springframework.security.web.authentication.logout.LogoutFilter@340fc1aa, org.springframework.security.web.savedrequest.RequestCacheAwareFilter@3d3b272a, org.springframework.security.web.servletapi.SecurityContextHolderAwareRequestFilter@d6d683e, org.springframework.security.web.authentication.AnonymousAuthenticationFilter@98722ef, org.springframework.security.web.session.SessionManagementFilter@645d4639, org.springframework.security.web.access.ExceptionTranslationFilter@35a9e665]
2022-06-30 00:13:06 [main] INFO  o.s.b.a.e.web.EndpointLinksResolver - Exposing 2 endpoint(s) beneath base path '/actuator'
2022-06-30 00:13:06 [main] INFO  o.a.coyote.http11.Http11NioProtocol - Starting ProtocolHandler ["http-nio-8888"]
2022-06-30 00:13:06 [main] INFO  o.s.b.w.e.tomcat.TomcatWebServer - Tomcat started on port(s): 8888 (http) with context path ''
2022-06-30 00:13:06 [main] INFO  c.m.demo.config.server.ConfigServer - Started ConfigServer in 9.331 seconds (JVM running for 11.275)
2022-06-30 00:13:07 [RMI TCP Connection(2)-172.24.16.1] INFO  o.a.c.c.C.[Tomcat].[localhost].[/] - Initializing Spring DispatcherServlet 'dispatcherServlet'
2022-06-30 00:13:07 [RMI TCP Connection(2)-172.24.16.1] INFO  o.s.web.servlet.DispatcherServlet - Initializing Servlet 'dispatcherServlet'
2022-06-30 00:13:07 [RMI TCP Connection(2)-172.24.16.1] INFO  o.s.web.servlet.DispatcherServlet - Completed initialization in 10 ms
2022-06-30 00:13:10 [RMI TCP Connection(3)-172.24.16.1] INFO  o.s.c.c.s.e.NativeEnvironmentRepository - Adding property source: file:/C:/Users/Amine/AppData/Local/Temp/config-repo-7935858401165153018/application.yml
2022-06-30 00:13:40 [http-nio-8888-exec-1] INFO  o.s.c.c.s.e.NativeEnvironmentRepository - Adding property source: file:/C:/Users/Amine/AppData/Local/Temp/config-repo-7935858401165153018/application.yml
2022-06-30 00:13:40 [http-nio-8888-exec-1] INFO  o.s.c.c.s.e.NativeEnvironmentRepository - Adding property source: file:/C:/Users/Amine/AppData/Local/Temp/config-repo-7935858401165153018/twitter-to-kafka-service.yml
2022-06-30 00:14:31 [http-nio-8888-exec-2] INFO  o.s.c.c.s.e.NativeEnvironmentRepository - Adding property source: file:/C:/Users/Amine/AppData/Local/Temp/config-repo-7935858401165153018/kafka-to-elastic-service.yml
2022-06-30 00:14:31 [http-nio-8888-exec-2] INFO  o.s.c.c.s.e.NativeEnvironmentRepository - Adding property source: file:/C:/Users/Amine/AppData/Local/Temp/config-repo-7935858401165153018/application.yml
2022-06-30 01:56:56 [Thread-3] WARN  o.s.c.c.s.e.MultipleJGitEnvironmentRepository - Failed to delete temporary directory on exit: java.nio.file.AccessDeniedException: C:\Users\Amine\AppData\Local\Temp\config-repo-7935858401165153018\.git\objects\pack\pack-ccb8d2b950e67d65a56881c7691ed50f4836e9c0.idx
2022-06-30 01:56:56 [SpringContextShutdownHook] INFO  o.s.s.c.ThreadPoolTaskExecutor - Shutting down ExecutorService 'applicationTaskExecutor'
2022-06-30 02:48:46 [background-preinit] INFO  o.h.validator.internal.util.Version - HV000001: Hibernate Validator 6.1.5.Final
2022-06-30 02:48:47 [main] INFO  c.m.demo.config.server.ConfigServer - No active profile set, falling back to default profiles: default
2022-06-30 02:48:48 [main] INFO  o.s.cloud.context.scope.GenericScope - BeanFactory id=9f2b0f5b-a5d0-3e50-ac08-c75b27d86a88
2022-06-30 02:48:48 [main] INFO  o.s.b.w.e.tomcat.TomcatWebServer - Tomcat initialized with port(s): 8888 (http)
2022-06-30 02:48:48 [main] INFO  o.a.coyote.http11.Http11NioProtocol - Initializing ProtocolHandler ["http-nio-8888"]
2022-06-30 02:48:48 [main] INFO  o.a.catalina.core.StandardService - Starting service [Tomcat]
2022-06-30 02:48:48 [main] INFO  o.a.catalina.core.StandardEngine - Starting Servlet engine: [Apache Tomcat/9.0.38]
2022-06-30 02:48:49 [main] INFO  o.a.c.c.C.[Tomcat].[localhost].[/] - Initializing Spring embedded WebApplicationContext
2022-06-30 02:48:49 [main] INFO  o.s.b.w.s.c.ServletWebServerApplicationContext - Root WebApplicationContext: initialization completed in 1740 ms
2022-06-30 02:48:49 [main] INFO  o.s.s.c.ThreadPoolTaskExecutor - Initializing ExecutorService 'applicationTaskExecutor'
2022-06-30 02:48:53 [main] INFO  o.s.s.web.DefaultSecurityFilterChain - Creating filter chain: Ant [pattern='/encrypt/**'], []
2022-06-30 02:48:53 [main] INFO  o.s.s.web.DefaultSecurityFilterChain - Creating filter chain: Ant [pattern='/decrypt/**'], []
2022-06-30 02:48:53 [main] INFO  o.s.s.web.DefaultSecurityFilterChain - Creating filter chain: any request, [org.springframework.security.web.context.request.async.WebAsyncManagerIntegrationFilter@7598d675, org.springframework.security.web.context.SecurityContextPersistenceFilter@24de63b, org.springframework.security.web.header.HeaderWriterFilter@3b2c8bda, org.springframework.security.web.authentication.logout.LogoutFilter@2833c093, org.springframework.security.web.savedrequest.RequestCacheAwareFilter@50f05307, org.springframework.security.web.servletapi.SecurityContextHolderAwareRequestFilter@26cdd4af, org.springframework.security.web.authentication.AnonymousAuthenticationFilter@4946485c, org.springframework.security.web.session.SessionManagementFilter@1b69fc07, org.springframework.security.web.access.ExceptionTranslationFilter@6fbc7853]
2022-06-30 02:48:54 [main] INFO  o.s.b.a.e.web.EndpointLinksResolver - Exposing 2 endpoint(s) beneath base path '/actuator'
2022-06-30 02:48:54 [main] INFO  o.a.coyote.http11.Http11NioProtocol - Starting ProtocolHandler ["http-nio-8888"]
2022-06-30 02:48:54 [main] INFO  o.s.b.w.e.tomcat.TomcatWebServer - Tomcat started on port(s): 8888 (http) with context path ''
2022-06-30 02:48:54 [main] INFO  c.m.demo.config.server.ConfigServer - Started ConfigServer in 9.66 seconds (JVM running for 11.498)
2022-06-30 02:48:55 [RMI TCP Connection(4)-172.24.16.1] INFO  o.a.c.c.C.[Tomcat].[localhost].[/] - Initializing Spring DispatcherServlet 'dispatcherServlet'
2022-06-30 02:48:55 [RMI TCP Connection(4)-172.24.16.1] INFO  o.s.web.servlet.DispatcherServlet - Initializing Servlet 'dispatcherServlet'
2022-06-30 02:48:55 [RMI TCP Connection(4)-172.24.16.1] INFO  o.s.web.servlet.DispatcherServlet - Completed initialization in 16 ms
2022-06-30 02:48:57 [RMI TCP Connection(3)-172.24.16.1] INFO  o.s.c.c.s.e.NativeEnvironmentRepository - Adding property source: file:/C:/Users/Amine/AppData/Local/Temp/config-repo-9515808718159373116/application.yml
2022-06-30 02:49:48 [http-nio-8888-exec-1] INFO  o.s.c.c.s.e.NativeEnvironmentRepository - Adding property source: file:/C:/Users/Amine/AppData/Local/Temp/config-repo-9515808718159373116/application.yml
2022-06-30 02:49:48 [http-nio-8888-exec-1] INFO  o.s.c.c.s.e.NativeEnvironmentRepository - Adding property source: file:/C:/Users/Amine/AppData/Local/Temp/config-repo-9515808718159373116/twitter-to-kafka-service.yml
2022-06-30 02:50:28 [http-nio-8888-exec-2] INFO  o.s.c.c.s.e.NativeEnvironmentRepository - Adding property source: file:/C:/Users/Amine/AppData/Local/Temp/config-repo-9515808718159373116/kafka-to-elastic-service.yml
2022-06-30 02:50:28 [http-nio-8888-exec-2] INFO  o.s.c.c.s.e.NativeEnvironmentRepository - Adding property source: file:/C:/Users/Amine/AppData/Local/Temp/config-repo-9515808718159373116/application.yml
2022-06-30 02:52:33 [http-nio-8888-exec-5] INFO  o.s.c.c.s.e.NativeEnvironmentRepository - Adding property source: file:/C:/Users/Amine/AppData/Local/Temp/config-repo-9515808718159373116/application.yml
2022-06-30 02:52:33 [http-nio-8888-exec-5] INFO  o.s.c.c.s.e.NativeEnvironmentRepository - Adding property source: file:/C:/Users/Amine/AppData/Local/Temp/config-repo-9515808718159373116/elastic-query-service.yml
2022-06-30 02:57:51 [Thread-3] WARN  o.s.c.c.s.e.MultipleJGitEnvironmentRepository - Failed to delete temporary directory on exit: java.nio.file.AccessDeniedException: C:\Users\Amine\AppData\Local\Temp\config-repo-9515808718159373116\.git\objects\pack\pack-e27ce8c15043d1a1097957b27be5246fef2f87e6.idx
2022-06-30 02:57:52 [SpringContextShutdownHook] INFO  o.s.s.c.ThreadPoolTaskExecutor - Shutting down ExecutorService 'applicationTaskExecutor'
2022-06-30 03:16:31 [background-preinit] INFO  o.h.validator.internal.util.Version - HV000001: Hibernate Validator 6.1.5.Final
2022-06-30 03:16:33 [main] INFO  c.m.demo.config.server.ConfigServer - No active profile set, falling back to default profiles: default
2022-06-30 03:16:35 [main] INFO  o.s.cloud.context.scope.GenericScope - BeanFactory id=9f2b0f5b-a5d0-3e50-ac08-c75b27d86a88
2022-06-30 03:16:36 [main] INFO  o.s.b.w.e.tomcat.TomcatWebServer - Tomcat initialized with port(s): 8888 (http)
2022-06-30 03:16:36 [main] INFO  o.a.coyote.http11.Http11NioProtocol - Initializing ProtocolHandler ["http-nio-8888"]
2022-06-30 03:16:36 [main] INFO  o.a.catalina.core.StandardService - Starting service [Tomcat]
2022-06-30 03:16:36 [main] INFO  o.a.catalina.core.StandardEngine - Starting Servlet engine: [Apache Tomcat/9.0.38]
2022-06-30 03:16:36 [main] INFO  o.a.c.c.C.[Tomcat].[localhost].[/] - Initializing Spring embedded WebApplicationContext
2022-06-30 03:16:36 [main] INFO  o.s.b.w.s.c.ServletWebServerApplicationContext - Root WebApplicationContext: initialization completed in 3432 ms
2022-06-30 03:16:37 [main] INFO  o.s.s.c.ThreadPoolTaskExecutor - Initializing ExecutorService 'applicationTaskExecutor'
2022-06-30 03:16:43 [main] INFO  o.s.s.web.DefaultSecurityFilterChain - Creating filter chain: Ant [pattern='/encrypt/**'], []
2022-06-30 03:16:43 [main] INFO  o.s.s.web.DefaultSecurityFilterChain - Creating filter chain: Ant [pattern='/decrypt/**'], []
2022-06-30 03:16:43 [main] INFO  o.s.s.web.DefaultSecurityFilterChain - Creating filter chain: any request, [org.springframework.security.web.context.request.async.WebAsyncManagerIntegrationFilter@7598d675, org.springframework.security.web.context.SecurityContextPersistenceFilter@24de63b, org.springframework.security.web.header.HeaderWriterFilter@3b2c8bda, org.springframework.security.web.authentication.logout.LogoutFilter@2833c093, org.springframework.security.web.savedrequest.RequestCacheAwareFilter@50f05307, org.springframework.security.web.servletapi.SecurityContextHolderAwareRequestFilter@26cdd4af, org.springframework.security.web.authentication.AnonymousAuthenticationFilter@4946485c, org.springframework.security.web.session.SessionManagementFilter@1b69fc07, org.springframework.security.web.access.ExceptionTranslationFilter@6fbc7853]
2022-06-30 03:16:44 [main] INFO  o.s.b.a.e.web.EndpointLinksResolver - Exposing 2 endpoint(s) beneath base path '/actuator'
2022-06-30 03:16:44 [main] INFO  o.a.coyote.http11.Http11NioProtocol - Starting ProtocolHandler ["http-nio-8888"]
2022-06-30 03:16:44 [main] INFO  o.s.b.w.e.tomcat.TomcatWebServer - Tomcat started on port(s): 8888 (http) with context path ''
2022-06-30 03:16:45 [main] INFO  c.m.demo.config.server.ConfigServer - Started ConfigServer in 14.959 seconds (JVM running for 17.261)
2022-06-30 03:16:47 [RMI TCP Connection(4)-172.24.16.1] INFO  o.a.c.c.C.[Tomcat].[localhost].[/] - Initializing Spring DispatcherServlet 'dispatcherServlet'
2022-06-30 03:16:47 [RMI TCP Connection(4)-172.24.16.1] INFO  o.s.web.servlet.DispatcherServlet - Initializing Servlet 'dispatcherServlet'
2022-06-30 03:16:47 [RMI TCP Connection(4)-172.24.16.1] INFO  o.s.web.servlet.DispatcherServlet - Completed initialization in 13 ms
2022-06-30 03:16:54 [RMI TCP Connection(5)-172.24.16.1] INFO  o.s.c.c.s.e.NativeEnvironmentRepository - Adding property source: file:/C:/Users/Amine/AppData/Local/Temp/config-repo-1559668595590355987/application.yml
2022-06-30 03:16:56 [http-nio-8888-exec-1] INFO  o.s.c.c.s.e.NativeEnvironmentRepository - Adding property source: file:/C:/Users/Amine/AppData/Local/Temp/config-repo-1559668595590355987/application.yml
2022-06-30 03:16:56 [http-nio-8888-exec-1] INFO  o.s.c.c.s.e.NativeEnvironmentRepository - Adding property source: file:/C:/Users/Amine/AppData/Local/Temp/config-repo-1559668595590355987/twitter-to-kafka-service.yml
2022-06-30 03:17:26 [http-nio-8888-exec-2] INFO  o.s.c.c.s.e.NativeEnvironmentRepository - Adding property source: file:/C:/Users/Amine/AppData/Local/Temp/config-repo-1559668595590355987/kafka-to-elastic-service.yml
2022-06-30 03:17:26 [http-nio-8888-exec-2] INFO  o.s.c.c.s.e.NativeEnvironmentRepository - Adding property source: file:/C:/Users/Amine/AppData/Local/Temp/config-repo-1559668595590355987/application.yml
2022-06-30 03:18:01 [http-nio-8888-exec-4] INFO  o.s.c.c.s.e.NativeEnvironmentRepository - Adding property source: file:/C:/Users/Amine/AppData/Local/Temp/config-repo-1559668595590355987/application.yml
2022-06-30 03:18:01 [http-nio-8888-exec-4] INFO  o.s.c.c.s.e.NativeEnvironmentRepository - Adding property source: file:/C:/Users/Amine/AppData/Local/Temp/config-repo-1559668595590355987/elastic-query-service.yml
2022-06-30 03:22:30 [http-nio-8888-exec-7] INFO  o.s.c.c.s.e.NativeEnvironmentRepository - Adding property source: file:/C:/Users/Amine/AppData/Local/Temp/config-repo-1559668595590355987/application.yml
2022-06-30 03:22:30 [http-nio-8888-exec-7] INFO  o.s.c.c.s.e.NativeEnvironmentRepository - Adding property source: file:/C:/Users/Amine/AppData/Local/Temp/config-repo-1559668595590355987/elastic-query-service.yml
2022-06-30 03:25:34 [http-nio-8888-exec-9] INFO  o.s.c.c.s.e.NativeEnvironmentRepository - Adding property source: file:/C:/Users/Amine/AppData/Local/Temp/config-repo-1559668595590355987/application.yml
2022-06-30 03:25:34 [http-nio-8888-exec-9] INFO  o.s.c.c.s.e.NativeEnvironmentRepository - Adding property source: file:/C:/Users/Amine/AppData/Local/Temp/config-repo-1559668595590355987/elastic-query-service.yml
2022-06-30 03:36:56 [Thread-3] WARN  o.s.c.c.s.e.MultipleJGitEnvironmentRepository - Failed to delete temporary directory on exit: java.nio.file.AccessDeniedException: C:\Users\Amine\AppData\Local\Temp\config-repo-1559668595590355987\.git\objects\pack\pack-e27ce8c15043d1a1097957b27be5246fef2f87e6.idx
2022-06-30 03:36:57 [SpringContextShutdownHook] INFO  o.s.s.c.ThreadPoolTaskExecutor - Shutting down ExecutorService 'applicationTaskExecutor'
2022-06-30 03:38:07 [background-preinit] INFO  o.h.validator.internal.util.Version - HV000001: Hibernate Validator 6.1.5.Final
2022-06-30 03:38:09 [main] INFO  c.m.demo.config.server.ConfigServer - No active profile set, falling back to default profiles: default
2022-06-30 03:38:11 [main] INFO  o.s.cloud.context.scope.GenericScope - BeanFactory id=9f2b0f5b-a5d0-3e50-ac08-c75b27d86a88
2022-06-30 03:38:11 [main] INFO  o.s.b.w.e.tomcat.TomcatWebServer - Tomcat initialized with port(s): 8888 (http)
2022-06-30 03:38:11 [main] INFO  o.a.coyote.http11.Http11NioProtocol - Initializing ProtocolHandler ["http-nio-8888"]
2022-06-30 03:38:11 [main] INFO  o.a.catalina.core.StandardService - Starting service [Tomcat]
2022-06-30 03:38:11 [main] INFO  o.a.catalina.core.StandardEngine - Starting Servlet engine: [Apache Tomcat/9.0.38]
2022-06-30 03:38:12 [main] INFO  o.a.c.c.C.[Tomcat].[localhost].[/] - Initializing Spring embedded WebApplicationContext
2022-06-30 03:38:12 [main] INFO  o.s.b.w.s.c.ServletWebServerApplicationContext - Root WebApplicationContext: initialization completed in 2819 ms
2022-06-30 03:38:12 [main] INFO  o.s.s.c.ThreadPoolTaskExecutor - Initializing ExecutorService 'applicationTaskExecutor'
2022-06-30 03:38:17 [main] INFO  o.s.s.web.DefaultSecurityFilterChain - Creating filter chain: Ant [pattern='/encrypt/**'], []
2022-06-30 03:38:17 [main] INFO  o.s.s.web.DefaultSecurityFilterChain - Creating filter chain: Ant [pattern='/decrypt/**'], []
2022-06-30 03:38:17 [main] INFO  o.s.s.web.DefaultSecurityFilterChain - Creating filter chain: any request, [org.springframework.security.web.context.request.async.WebAsyncManagerIntegrationFilter@2833c093, org.springframework.security.web.context.SecurityContextPersistenceFilter@19e801b5, org.springframework.security.web.header.HeaderWriterFilter@733fa95c, org.springframework.security.web.authentication.logout.LogoutFilter@3ec7ad61, org.springframework.security.web.savedrequest.RequestCacheAwareFilter@42d0e41, org.springframework.security.web.servletapi.SecurityContextHolderAwareRequestFilter@422ba9b7, org.springframework.security.web.authentication.AnonymousAuthenticationFilter@7598d675, org.springframework.security.web.session.SessionManagementFilter@19d3f6ad, org.springframework.security.web.access.ExceptionTranslationFilter@2c0fefac]
2022-06-30 03:38:17 [main] INFO  o.s.b.a.e.web.EndpointLinksResolver - Exposing 2 endpoint(s) beneath base path '/actuator'
2022-06-30 03:38:17 [main] INFO  o.a.coyote.http11.Http11NioProtocol - Starting ProtocolHandler ["http-nio-8888"]
2022-06-30 03:38:17 [main] INFO  o.s.b.w.e.tomcat.TomcatWebServer - Tomcat started on port(s): 8888 (http) with context path ''
2022-06-30 03:38:18 [main] INFO  c.m.demo.config.server.ConfigServer - Started ConfigServer in 11.745 seconds (JVM running for 14.529)
2022-06-30 03:38:19 [RMI TCP Connection(2)-172.24.16.1] INFO  o.a.c.c.C.[Tomcat].[localhost].[/] - Initializing Spring DispatcherServlet 'dispatcherServlet'
2022-06-30 03:38:19 [RMI TCP Connection(2)-172.24.16.1] INFO  o.s.web.servlet.DispatcherServlet - Initializing Servlet 'dispatcherServlet'
2022-06-30 03:38:19 [RMI TCP Connection(2)-172.24.16.1] INFO  o.s.web.servlet.DispatcherServlet - Completed initialization in 14 ms
2022-06-30 03:38:20 [RMI TCP Connection(3)-172.24.16.1] INFO  o.s.c.c.s.e.NativeEnvironmentRepository - Adding property source: file:/C:/Users/Amine/AppData/Local/Temp/config-repo-10775067010670856996/application.yml
2022-06-30 03:38:54 [http-nio-8888-exec-1] INFO  o.s.c.c.s.e.NativeEnvironmentRepository - Adding property source: file:/C:/Users/Amine/AppData/Local/Temp/config-repo-10775067010670856996/application.yml
2022-06-30 03:38:54 [http-nio-8888-exec-1] INFO  o.s.c.c.s.e.NativeEnvironmentRepository - Adding property source: file:/C:/Users/Amine/AppData/Local/Temp/config-repo-10775067010670856996/twitter-to-kafka-service.yml
2022-06-30 03:39:33 [http-nio-8888-exec-2] INFO  o.s.c.c.s.e.NativeEnvironmentRepository - Adding property source: file:/C:/Users/Amine/AppData/Local/Temp/config-repo-10775067010670856996/kafka-to-elastic-service.yml
2022-06-30 03:39:33 [http-nio-8888-exec-2] INFO  o.s.c.c.s.e.NativeEnvironmentRepository - Adding property source: file:/C:/Users/Amine/AppData/Local/Temp/config-repo-10775067010670856996/application.yml
2022-06-30 03:40:21 [http-nio-8888-exec-5] INFO  o.s.c.c.s.e.NativeEnvironmentRepository - Adding property source: file:/C:/Users/Amine/AppData/Local/Temp/config-repo-10775067010670856996/kafka-to-elastic-service.yml
2022-06-30 03:40:21 [http-nio-8888-exec-5] INFO  o.s.c.c.s.e.NativeEnvironmentRepository - Adding property source: file:/C:/Users/Amine/AppData/Local/Temp/config-repo-10775067010670856996/application.yml
2022-06-30 03:40:51 [http-nio-8888-exec-6] INFO  o.s.c.c.s.e.NativeEnvironmentRepository - Adding property source: file:/C:/Users/Amine/AppData/Local/Temp/config-repo-10775067010670856996/application.yml
2022-06-30 03:40:51 [http-nio-8888-exec-6] INFO  o.s.c.c.s.e.NativeEnvironmentRepository - Adding property source: file:/C:/Users/Amine/AppData/Local/Temp/config-repo-10775067010670856996/elastic-query-service.yml
2022-06-30 03:50:16 [Thread-3] WARN  o.s.c.c.s.e.MultipleJGitEnvironmentRepository - Failed to delete temporary directory on exit: java.nio.file.AccessDeniedException: C:\Users\Amine\AppData\Local\Temp\config-repo-10775067010670856996\.git\objects\pack\pack-d14ae507aedc579f9d95416af76b5bd17aacc9b3.idx
2022-06-30 03:50:17 [SpringContextShutdownHook] INFO  o.s.s.c.ThreadPoolTaskExecutor - Shutting down ExecutorService 'applicationTaskExecutor'
