2022-06-27 00:13:25 [background-preinit] INFO  o.h.validator.internal.util.Version - HV000001: Hibernate Validator 6.1.5.Final
2022-06-27 00:13:27 [main] INFO  c.m.demo.config.server.ConfigServer - No active profile set, falling back to default profiles: default
2022-06-27 00:13:29 [main] INFO  o.s.cloud.context.scope.GenericScope - BeanFactory id=9f2b0f5b-a5d0-3e50-ac08-c75b27d86a88
2022-06-27 00:13:30 [main] INFO  o.s.b.w.e.tomcat.TomcatWebServer - Tomcat initialized with port(s): 8888 (http)
2022-06-27 00:13:30 [main] INFO  o.a.coyote.http11.Http11NioProtocol - Initializing ProtocolHandler ["http-nio-8888"]
2022-06-27 00:13:30 [main] INFO  o.a.catalina.core.StandardService - Starting service [Tomcat]
2022-06-27 00:13:30 [main] INFO  o.a.catalina.core.StandardEngine - Starting Servlet engine: [Apache Tomcat/9.0.38]
2022-06-27 00:13:30 [main] INFO  o.a.c.c.C.[Tomcat].[localhost].[/] - Initializing Spring embedded WebApplicationContext
2022-06-27 00:13:30 [main] INFO  o.s.b.w.s.c.ServletWebServerApplicationContext - Root WebApplicationContext: initialization completed in 3600 ms
2022-06-27 00:13:31 [main] INFO  o.s.s.c.ThreadPoolTaskExecutor - Initializing ExecutorService 'applicationTaskExecutor'
2022-06-27 00:13:43 [main] INFO  o.s.s.web.DefaultSecurityFilterChain - Creating filter chain: Ant [pattern='/encrypt/**'], []
2022-06-27 00:13:43 [main] INFO  o.s.s.web.DefaultSecurityFilterChain - Creating filter chain: Ant [pattern='/decrypt/**'], []
2022-06-27 00:13:43 [main] INFO  o.s.s.web.DefaultSecurityFilterChain - Creating filter chain: any request, [org.springframework.security.web.context.request.async.WebAsyncManagerIntegrationFilter@4f676900, org.springframework.security.web.context.SecurityContextPersistenceFilter@2f6e92ca, org.springframework.security.web.header.HeaderWriterFilter@77e6761f, org.springframework.security.web.csrf.CsrfFilter@338a4c61, org.springframework.security.web.authentication.logout.LogoutFilter@654b899f, org.springframework.security.web.authentication.UsernamePasswordAuthenticationFilter@76dc36e5, org.springframework.security.web.authentication.ui.DefaultLoginPageGeneratingFilter@2acb1264, org.springframework.security.web.authentication.ui.DefaultLogoutPageGeneratingFilter@73a49597, org.springframework.security.web.authentication.www.BasicAuthenticationFilter@3ee258, org.springframework.security.web.savedrequest.RequestCacheAwareFilter@114b203, org.springframework.security.web.servletapi.SecurityContextHolderAwareRequestFilter@283e1759, org.springframework.security.web.authentication.AnonymousAuthenticationFilter@5eb2972f, org.springframework.security.web.session.SessionManagementFilter@45bf93bb, org.springframework.security.web.access.ExceptionTranslationFilter@65ef9a0a, org.springframework.security.web.access.intercept.FilterSecurityInterceptor@76e00bdb]
2022-06-27 00:13:43 [main] INFO  o.s.b.a.e.web.EndpointLinksResolver - Exposing 2 endpoint(s) beneath base path '/actuator'
2022-06-27 00:13:43 [main] INFO  o.a.coyote.http11.Http11NioProtocol - Starting ProtocolHandler ["http-nio-8888"]
2022-06-27 00:13:43 [main] WARN  o.s.b.w.s.c.AnnotationConfigServletWebServerApplicationContext - Exception encountered during context initialization - cancelling refresh attempt: org.springframework.context.ApplicationContextException: Failed to start bean 'webServerStartStop'; nested exception is org.springframework.boot.web.server.PortInUseException: Port 8888 is already in use
2022-06-27 00:13:43 [main] INFO  o.s.s.c.ThreadPoolTaskExecutor - Shutting down ExecutorService 'applicationTaskExecutor'
2022-06-27 00:13:43 [main] INFO  o.a.coyote.http11.Http11NioProtocol - Pausing ProtocolHandler ["http-nio-8888"]
2022-06-27 00:13:43 [main] INFO  o.a.catalina.core.StandardService - Stopping service [Tomcat]
2022-06-27 00:13:43 [main] INFO  o.a.coyote.http11.Http11NioProtocol - Stopping ProtocolHandler ["http-nio-8888"]
2022-06-27 00:13:43 [main] INFO  o.a.coyote.http11.Http11NioProtocol - Destroying ProtocolHandler ["http-nio-8888"]
2022-06-27 00:13:43 [main] INFO  o.s.b.a.l.ConditionEvaluationReportLoggingListener - 

Error starting ApplicationContext. To display the conditions report re-run your application with 'debug' enabled.
2022-06-27 00:13:43 [main] ERROR o.s.b.d.LoggingFailureAnalysisReporter - 

***************************
APPLICATION FAILED TO START
***************************

Description:

Web server failed to start. Port 8888 was already in use.

Action:

Identify and stop the process that's listening on port 8888 or configure this application to listen on another port.

2022-06-27 00:13:43 [Thread-3] WARN  o.s.c.c.s.e.MultipleJGitEnvironmentRepository - Failed to delete temporary directory on exit: java.nio.file.AccessDeniedException: C:\Users\Amine\AppData\Local\Temp\config-repo-12387549488399441874\.git\objects\pack\pack-d59d58c3067c9aea05fddb9cc15d4ebf4bcae0af.idx
2022-06-27 00:14:46 [background-preinit] INFO  o.h.validator.internal.util.Version - HV000001: Hibernate Validator 6.1.5.Final
2022-06-27 00:14:47 [main] INFO  c.m.demo.config.server.ConfigServer - No active profile set, falling back to default profiles: default
2022-06-27 00:14:49 [main] INFO  o.s.cloud.context.scope.GenericScope - BeanFactory id=9f2b0f5b-a5d0-3e50-ac08-c75b27d86a88
2022-06-27 00:14:49 [main] INFO  o.s.b.w.e.tomcat.TomcatWebServer - Tomcat initialized with port(s): 8888 (http)
2022-06-27 00:14:49 [main] INFO  o.a.coyote.http11.Http11NioProtocol - Initializing ProtocolHandler ["http-nio-8888"]
2022-06-27 00:14:49 [main] INFO  o.a.catalina.core.StandardService - Starting service [Tomcat]
2022-06-27 00:14:49 [main] INFO  o.a.catalina.core.StandardEngine - Starting Servlet engine: [Apache Tomcat/9.0.38]
2022-06-27 00:14:50 [main] INFO  o.a.c.c.C.[Tomcat].[localhost].[/] - Initializing Spring embedded WebApplicationContext
2022-06-27 00:14:50 [main] INFO  o.s.b.w.s.c.ServletWebServerApplicationContext - Root WebApplicationContext: initialization completed in 2151 ms
2022-06-27 00:14:50 [main] INFO  o.s.s.c.ThreadPoolTaskExecutor - Initializing ExecutorService 'applicationTaskExecutor'
2022-06-27 00:14:54 [main] INFO  o.s.s.web.DefaultSecurityFilterChain - Creating filter chain: Ant [pattern='/encrypt/**'], []
2022-06-27 00:14:54 [main] INFO  o.s.s.web.DefaultSecurityFilterChain - Creating filter chain: Ant [pattern='/decrypt/**'], []
2022-06-27 00:14:54 [main] INFO  o.s.s.web.DefaultSecurityFilterChain - Creating filter chain: any request, [org.springframework.security.web.context.request.async.WebAsyncManagerIntegrationFilter@4eac65db, org.springframework.security.web.context.SecurityContextPersistenceFilter@ca2be53, org.springframework.security.web.header.HeaderWriterFilter@be616f0, org.springframework.security.web.csrf.CsrfFilter@62158991, org.springframework.security.web.authentication.logout.LogoutFilter@3e6acec2, org.springframework.security.web.authentication.UsernamePasswordAuthenticationFilter@6d35ff7b, org.springframework.security.web.authentication.ui.DefaultLoginPageGeneratingFilter@718f3088, org.springframework.security.web.authentication.ui.DefaultLogoutPageGeneratingFilter@dde6f87, org.springframework.security.web.authentication.www.BasicAuthenticationFilter@adc8683, org.springframework.security.web.savedrequest.RequestCacheAwareFilter@70697478, org.springframework.security.web.servletapi.SecurityContextHolderAwareRequestFilter@389008d1, org.springframework.security.web.authentication.AnonymousAuthenticationFilter@7884f722, org.springframework.security.web.session.SessionManagementFilter@cf08c97, org.springframework.security.web.access.ExceptionTranslationFilter@7c8df667, org.springframework.security.web.access.intercept.FilterSecurityInterceptor@1b19712f]
2022-06-27 00:14:54 [main] INFO  o.s.b.a.e.web.EndpointLinksResolver - Exposing 2 endpoint(s) beneath base path '/actuator'
2022-06-27 00:14:54 [main] INFO  o.a.coyote.http11.Http11NioProtocol - Starting ProtocolHandler ["http-nio-8888"]
2022-06-27 00:14:54 [main] WARN  o.s.b.w.s.c.AnnotationConfigServletWebServerApplicationContext - Exception encountered during context initialization - cancelling refresh attempt: org.springframework.context.ApplicationContextException: Failed to start bean 'webServerStartStop'; nested exception is org.springframework.boot.web.server.PortInUseException: Port 8888 is already in use
2022-06-27 00:14:54 [main] INFO  o.s.s.c.ThreadPoolTaskExecutor - Shutting down ExecutorService 'applicationTaskExecutor'
2022-06-27 00:14:54 [main] INFO  o.a.coyote.http11.Http11NioProtocol - Pausing ProtocolHandler ["http-nio-8888"]
2022-06-27 00:14:54 [main] INFO  o.a.catalina.core.StandardService - Stopping service [Tomcat]
2022-06-27 00:14:54 [main] INFO  o.a.coyote.http11.Http11NioProtocol - Stopping ProtocolHandler ["http-nio-8888"]
2022-06-27 00:14:54 [main] INFO  o.a.coyote.http11.Http11NioProtocol - Destroying ProtocolHandler ["http-nio-8888"]
2022-06-27 00:14:54 [main] INFO  o.s.b.a.l.ConditionEvaluationReportLoggingListener - 

Error starting ApplicationContext. To display the conditions report re-run your application with 'debug' enabled.
2022-06-27 00:14:54 [main] ERROR o.s.b.d.LoggingFailureAnalysisReporter - 

***************************
APPLICATION FAILED TO START
***************************

Description:

Web server failed to start. Port 8888 was already in use.

Action:

Identify and stop the process that's listening on port 8888 or configure this application to listen on another port.

2022-06-27 00:14:54 [Thread-3] WARN  o.s.c.c.s.e.MultipleJGitEnvironmentRepository - Failed to delete temporary directory on exit: java.nio.file.AccessDeniedException: C:\Users\Amine\AppData\Local\Temp\config-repo-13243290620622710571\.git\objects\pack\pack-d59d58c3067c9aea05fddb9cc15d4ebf4bcae0af.idx
2022-06-27 00:22:17 [background-preinit] INFO  o.h.validator.internal.util.Version - HV000001: Hibernate Validator 6.1.5.Final
2022-06-27 00:22:18 [main] INFO  c.m.demo.config.server.ConfigServer - No active profile set, falling back to default profiles: default
2022-06-27 00:22:19 [main] INFO  o.s.cloud.context.scope.GenericScope - BeanFactory id=9f2b0f5b-a5d0-3e50-ac08-c75b27d86a88
2022-06-27 00:22:20 [main] INFO  o.s.b.w.e.tomcat.TomcatWebServer - Tomcat initialized with port(s): 8888 (http)
2022-06-27 00:22:20 [main] INFO  o.a.coyote.http11.Http11NioProtocol - Initializing ProtocolHandler ["http-nio-8888"]
2022-06-27 00:22:20 [main] INFO  o.a.catalina.core.StandardService - Starting service [Tomcat]
2022-06-27 00:22:20 [main] INFO  o.a.catalina.core.StandardEngine - Starting Servlet engine: [Apache Tomcat/9.0.38]
2022-06-27 00:22:20 [main] INFO  o.a.c.c.C.[Tomcat].[localhost].[/] - Initializing Spring embedded WebApplicationContext
2022-06-27 00:22:20 [main] INFO  o.s.b.w.s.c.ServletWebServerApplicationContext - Root WebApplicationContext: initialization completed in 2231 ms
2022-06-27 00:22:20 [main] INFO  o.s.s.c.ThreadPoolTaskExecutor - Initializing ExecutorService 'applicationTaskExecutor'
2022-06-27 00:22:24 [main] INFO  o.s.s.web.DefaultSecurityFilterChain - Creating filter chain: Ant [pattern='/encrypt/**'], []
2022-06-27 00:22:24 [main] INFO  o.s.s.web.DefaultSecurityFilterChain - Creating filter chain: Ant [pattern='/decrypt/**'], []
2022-06-27 00:22:24 [main] INFO  o.s.s.web.DefaultSecurityFilterChain - Creating filter chain: any request, [org.springframework.security.web.context.request.async.WebAsyncManagerIntegrationFilter@261a66b8, org.springframework.security.web.context.SecurityContextPersistenceFilter@cf08c97, org.springframework.security.web.header.HeaderWriterFilter@7c8df667, org.springframework.security.web.csrf.CsrfFilter@42e202d7, org.springframework.security.web.authentication.logout.LogoutFilter@846b47, org.springframework.security.web.authentication.UsernamePasswordAuthenticationFilter@2f0cab82, org.springframework.security.web.authentication.ui.DefaultLoginPageGeneratingFilter@eb1d475, org.springframework.security.web.authentication.ui.DefaultLogoutPageGeneratingFilter@adc8683, org.springframework.security.web.authentication.www.BasicAuthenticationFilter@60e47aab, org.springframework.security.web.savedrequest.RequestCacheAwareFilter@ca2be53, org.springframework.security.web.servletapi.SecurityContextHolderAwareRequestFilter@12be4f83, org.springframework.security.web.authentication.AnonymousAuthenticationFilter@4eac65db, org.springframework.security.web.session.SessionManagementFilter@be616f0, org.springframework.security.web.access.ExceptionTranslationFilter@35ceec81, org.springframework.security.web.access.intercept.FilterSecurityInterceptor@6dc9a56e]
2022-06-27 00:22:24 [main] INFO  o.s.b.a.e.web.EndpointLinksResolver - Exposing 2 endpoint(s) beneath base path '/actuator'
2022-06-27 00:22:24 [main] INFO  o.a.coyote.http11.Http11NioProtocol - Starting ProtocolHandler ["http-nio-8888"]
2022-06-27 00:22:24 [main] WARN  o.s.b.w.s.c.AnnotationConfigServletWebServerApplicationContext - Exception encountered during context initialization - cancelling refresh attempt: org.springframework.context.ApplicationContextException: Failed to start bean 'webServerStartStop'; nested exception is org.springframework.boot.web.server.PortInUseException: Port 8888 is already in use
2022-06-27 00:22:24 [main] INFO  o.s.s.c.ThreadPoolTaskExecutor - Shutting down ExecutorService 'applicationTaskExecutor'
2022-06-27 00:22:24 [main] INFO  o.a.coyote.http11.Http11NioProtocol - Pausing ProtocolHandler ["http-nio-8888"]
2022-06-27 00:22:24 [main] INFO  o.a.catalina.core.StandardService - Stopping service [Tomcat]
2022-06-27 00:22:24 [main] INFO  o.a.coyote.http11.Http11NioProtocol - Stopping ProtocolHandler ["http-nio-8888"]
2022-06-27 00:22:24 [main] INFO  o.a.coyote.http11.Http11NioProtocol - Destroying ProtocolHandler ["http-nio-8888"]
2022-06-27 00:22:24 [main] INFO  o.s.b.a.l.ConditionEvaluationReportLoggingListener - 

Error starting ApplicationContext. To display the conditions report re-run your application with 'debug' enabled.
2022-06-27 00:22:24 [main] ERROR o.s.b.d.LoggingFailureAnalysisReporter - 

***************************
APPLICATION FAILED TO START
***************************

Description:

Web server failed to start. Port 8888 was already in use.

Action:

Identify and stop the process that's listening on port 8888 or configure this application to listen on another port.

2022-06-27 00:22:24 [Thread-3] WARN  o.s.c.c.s.e.MultipleJGitEnvironmentRepository - Failed to delete temporary directory on exit: java.nio.file.AccessDeniedException: C:\Users\Amine\AppData\Local\Temp\config-repo-3533080723954006285\.git\objects\pack\pack-d59d58c3067c9aea05fddb9cc15d4ebf4bcae0af.idx
2022-06-27 00:22:45 [background-preinit] INFO  o.h.validator.internal.util.Version - HV000001: Hibernate Validator 6.1.5.Final
2022-06-27 00:22:46 [main] INFO  c.m.demo.config.server.ConfigServer - No active profile set, falling back to default profiles: default
2022-06-27 00:22:47 [main] INFO  o.s.cloud.context.scope.GenericScope - BeanFactory id=9f2b0f5b-a5d0-3e50-ac08-c75b27d86a88
2022-06-27 00:22:48 [main] INFO  o.s.b.w.e.tomcat.TomcatWebServer - Tomcat initialized with port(s): 8888 (http)
2022-06-27 00:22:48 [main] INFO  o.a.coyote.http11.Http11NioProtocol - Initializing ProtocolHandler ["http-nio-8888"]
2022-06-27 00:22:48 [main] INFO  o.a.catalina.core.StandardService - Starting service [Tomcat]
2022-06-27 00:22:48 [main] INFO  o.a.catalina.core.StandardEngine - Starting Servlet engine: [Apache Tomcat/9.0.38]
2022-06-27 00:22:48 [main] INFO  o.a.c.c.C.[Tomcat].[localhost].[/] - Initializing Spring embedded WebApplicationContext
2022-06-27 00:22:48 [main] INFO  o.s.b.w.s.c.ServletWebServerApplicationContext - Root WebApplicationContext: initialization completed in 1989 ms
2022-06-27 00:22:48 [main] INFO  o.s.s.c.ThreadPoolTaskExecutor - Initializing ExecutorService 'applicationTaskExecutor'
2022-06-27 00:22:51 [main] INFO  o.s.s.web.DefaultSecurityFilterChain - Creating filter chain: Ant [pattern='/encrypt/**'], []
2022-06-27 00:22:51 [main] INFO  o.s.s.web.DefaultSecurityFilterChain - Creating filter chain: Ant [pattern='/decrypt/**'], []
2022-06-27 00:22:51 [main] INFO  o.s.s.web.DefaultSecurityFilterChain - Creating filter chain: any request, [org.springframework.security.web.context.request.async.WebAsyncManagerIntegrationFilter@261a66b8, org.springframework.security.web.context.SecurityContextPersistenceFilter@cf08c97, org.springframework.security.web.header.HeaderWriterFilter@7c8df667, org.springframework.security.web.csrf.CsrfFilter@42e202d7, org.springframework.security.web.authentication.logout.LogoutFilter@846b47, org.springframework.security.web.authentication.UsernamePasswordAuthenticationFilter@2f0cab82, org.springframework.security.web.authentication.ui.DefaultLoginPageGeneratingFilter@eb1d475, org.springframework.security.web.authentication.ui.DefaultLogoutPageGeneratingFilter@adc8683, org.springframework.security.web.authentication.www.BasicAuthenticationFilter@60e47aab, org.springframework.security.web.savedrequest.RequestCacheAwareFilter@ca2be53, org.springframework.security.web.servletapi.SecurityContextHolderAwareRequestFilter@12be4f83, org.springframework.security.web.authentication.AnonymousAuthenticationFilter@4eac65db, org.springframework.security.web.session.SessionManagementFilter@be616f0, org.springframework.security.web.access.ExceptionTranslationFilter@35ceec81, org.springframework.security.web.access.intercept.FilterSecurityInterceptor@6dc9a56e]
2022-06-27 00:22:52 [main] INFO  o.s.b.a.e.web.EndpointLinksResolver - Exposing 2 endpoint(s) beneath base path '/actuator'
2022-06-27 00:22:52 [main] INFO  o.a.coyote.http11.Http11NioProtocol - Starting ProtocolHandler ["http-nio-8888"]
2022-06-27 00:22:52 [main] WARN  o.s.b.w.s.c.AnnotationConfigServletWebServerApplicationContext - Exception encountered during context initialization - cancelling refresh attempt: org.springframework.context.ApplicationContextException: Failed to start bean 'webServerStartStop'; nested exception is org.springframework.boot.web.server.PortInUseException: Port 8888 is already in use
2022-06-27 00:22:52 [main] INFO  o.s.s.c.ThreadPoolTaskExecutor - Shutting down ExecutorService 'applicationTaskExecutor'
2022-06-27 00:22:52 [main] INFO  o.a.coyote.http11.Http11NioProtocol - Pausing ProtocolHandler ["http-nio-8888"]
2022-06-27 00:22:52 [main] INFO  o.a.catalina.core.StandardService - Stopping service [Tomcat]
2022-06-27 00:22:52 [main] INFO  o.a.coyote.http11.Http11NioProtocol - Stopping ProtocolHandler ["http-nio-8888"]
2022-06-27 00:22:52 [main] INFO  o.a.coyote.http11.Http11NioProtocol - Destroying ProtocolHandler ["http-nio-8888"]
2022-06-27 00:22:52 [main] INFO  o.s.b.a.l.ConditionEvaluationReportLoggingListener - 

Error starting ApplicationContext. To display the conditions report re-run your application with 'debug' enabled.
2022-06-27 00:22:52 [main] ERROR o.s.b.d.LoggingFailureAnalysisReporter - 

***************************
APPLICATION FAILED TO START
***************************

Description:

Web server failed to start. Port 8888 was already in use.

Action:

Identify and stop the process that's listening on port 8888 or configure this application to listen on another port.

2022-06-27 00:22:52 [Thread-3] WARN  o.s.c.c.s.e.MultipleJGitEnvironmentRepository - Failed to delete temporary directory on exit: java.nio.file.AccessDeniedException: C:\Users\Amine\AppData\Local\Temp\config-repo-817713114252401927\.git\objects\pack\pack-d59d58c3067c9aea05fddb9cc15d4ebf4bcae0af.idx
2022-06-27 00:23:23 [background-preinit] INFO  o.h.validator.internal.util.Version - HV000001: Hibernate Validator 6.1.5.Final
2022-06-27 00:23:24 [main] INFO  c.m.demo.config.server.ConfigServer - No active profile set, falling back to default profiles: default
2022-06-27 00:23:26 [main] INFO  o.s.cloud.context.scope.GenericScope - BeanFactory id=9f2b0f5b-a5d0-3e50-ac08-c75b27d86a88
2022-06-27 00:23:26 [main] INFO  o.s.b.w.e.tomcat.TomcatWebServer - Tomcat initialized with port(s): 8888 (http)
2022-06-27 00:23:26 [main] INFO  o.a.coyote.http11.Http11NioProtocol - Initializing ProtocolHandler ["http-nio-8888"]
2022-06-27 00:23:26 [main] INFO  o.a.catalina.core.StandardService - Starting service [Tomcat]
2022-06-27 00:23:26 [main] INFO  o.a.catalina.core.StandardEngine - Starting Servlet engine: [Apache Tomcat/9.0.38]
2022-06-27 00:23:26 [main] INFO  o.a.c.c.C.[Tomcat].[localhost].[/] - Initializing Spring embedded WebApplicationContext
2022-06-27 00:23:26 [main] INFO  o.s.b.w.s.c.ServletWebServerApplicationContext - Root WebApplicationContext: initialization completed in 1902 ms
2022-06-27 00:23:27 [main] INFO  o.s.s.c.ThreadPoolTaskExecutor - Initializing ExecutorService 'applicationTaskExecutor'
2022-06-27 00:23:30 [main] INFO  o.s.s.web.DefaultSecurityFilterChain - Creating filter chain: Ant [pattern='/encrypt/**'], []
2022-06-27 00:23:30 [main] INFO  o.s.s.web.DefaultSecurityFilterChain - Creating filter chain: Ant [pattern='/decrypt/**'], []
2022-06-27 00:23:30 [main] INFO  o.s.s.web.DefaultSecurityFilterChain - Creating filter chain: any request, [org.springframework.security.web.context.request.async.WebAsyncManagerIntegrationFilter@459d2ee6, org.springframework.security.web.context.SecurityContextPersistenceFilter@498e41a4, org.springframework.security.web.header.HeaderWriterFilter@32c0fecc, org.springframework.security.web.csrf.CsrfFilter@78e043e4, org.springframework.security.web.authentication.logout.LogoutFilter@70f98f7a, org.springframework.security.web.authentication.UsernamePasswordAuthenticationFilter@1b19712f, org.springframework.security.web.authentication.ui.DefaultLoginPageGeneratingFilter@22c29aa8, org.springframework.security.web.authentication.ui.DefaultLogoutPageGeneratingFilter@5342eec5, org.springframework.security.web.authentication.www.BasicAuthenticationFilter@eb91027, org.springframework.security.web.savedrequest.RequestCacheAwareFilter@1f5d7fd5, org.springframework.security.web.servletapi.SecurityContextHolderAwareRequestFilter@2e0652ab, org.springframework.security.web.authentication.AnonymousAuthenticationFilter@60e47aab, org.springframework.security.web.session.SessionManagementFilter@d13379e, org.springframework.security.web.access.ExceptionTranslationFilter@3221588e, org.springframework.security.web.access.intercept.FilterSecurityInterceptor@71468613]
2022-06-27 00:23:30 [main] INFO  o.s.b.a.e.web.EndpointLinksResolver - Exposing 2 endpoint(s) beneath base path '/actuator'
2022-06-27 00:23:30 [main] INFO  o.a.coyote.http11.Http11NioProtocol - Starting ProtocolHandler ["http-nio-8888"]
2022-06-27 00:23:30 [main] WARN  o.s.b.w.s.c.AnnotationConfigServletWebServerApplicationContext - Exception encountered during context initialization - cancelling refresh attempt: org.springframework.context.ApplicationContextException: Failed to start bean 'webServerStartStop'; nested exception is org.springframework.boot.web.server.PortInUseException: Port 8888 is already in use
2022-06-27 00:23:30 [main] INFO  o.s.s.c.ThreadPoolTaskExecutor - Shutting down ExecutorService 'applicationTaskExecutor'
2022-06-27 00:23:30 [main] INFO  o.a.coyote.http11.Http11NioProtocol - Pausing ProtocolHandler ["http-nio-8888"]
2022-06-27 00:23:30 [main] INFO  o.a.catalina.core.StandardService - Stopping service [Tomcat]
2022-06-27 00:23:30 [main] INFO  o.a.coyote.http11.Http11NioProtocol - Stopping ProtocolHandler ["http-nio-8888"]
2022-06-27 00:23:30 [main] INFO  o.a.coyote.http11.Http11NioProtocol - Destroying ProtocolHandler ["http-nio-8888"]
2022-06-27 00:23:30 [main] INFO  o.s.b.a.l.ConditionEvaluationReportLoggingListener - 

Error starting ApplicationContext. To display the conditions report re-run your application with 'debug' enabled.
2022-06-27 00:23:30 [main] ERROR o.s.b.d.LoggingFailureAnalysisReporter - 

***************************
APPLICATION FAILED TO START
***************************

Description:

Web server failed to start. Port 8888 was already in use.

Action:

Identify and stop the process that's listening on port 8888 or configure this application to listen on another port.

2022-06-27 00:23:30 [Thread-3] WARN  o.s.c.c.s.e.MultipleJGitEnvironmentRepository - Failed to delete temporary directory on exit: java.nio.file.AccessDeniedException: C:\Users\Amine\AppData\Local\Temp\config-repo-6979252334862250104\.git\objects\pack\pack-d59d58c3067c9aea05fddb9cc15d4ebf4bcae0af.idx
2022-06-27 00:28:04 [background-preinit] INFO  o.h.validator.internal.util.Version - HV000001: Hibernate Validator 6.1.5.Final
2022-06-27 00:28:05 [main] INFO  c.m.demo.config.server.ConfigServer - No active profile set, falling back to default profiles: default
2022-06-27 00:28:07 [main] INFO  o.s.cloud.context.scope.GenericScope - BeanFactory id=9f2b0f5b-a5d0-3e50-ac08-c75b27d86a88
2022-06-27 00:28:07 [main] INFO  o.s.b.w.e.tomcat.TomcatWebServer - Tomcat initialized with port(s): 8888 (http)
2022-06-27 00:28:07 [main] INFO  o.a.coyote.http11.Http11NioProtocol - Initializing ProtocolHandler ["http-nio-8888"]
2022-06-27 00:28:07 [main] INFO  o.a.catalina.core.StandardService - Starting service [Tomcat]
2022-06-27 00:28:07 [main] INFO  o.a.catalina.core.StandardEngine - Starting Servlet engine: [Apache Tomcat/9.0.38]
2022-06-27 00:28:07 [main] INFO  o.a.c.c.C.[Tomcat].[localhost].[/] - Initializing Spring embedded WebApplicationContext
2022-06-27 00:28:07 [main] INFO  o.s.b.w.s.c.ServletWebServerApplicationContext - Root WebApplicationContext: initialization completed in 1874 ms
2022-06-27 00:28:08 [main] INFO  o.s.s.c.ThreadPoolTaskExecutor - Initializing ExecutorService 'applicationTaskExecutor'
2022-06-27 00:28:11 [main] INFO  o.s.s.web.DefaultSecurityFilterChain - Creating filter chain: Ant [pattern='/encrypt/**'], []
2022-06-27 00:28:11 [main] INFO  o.s.s.web.DefaultSecurityFilterChain - Creating filter chain: Ant [pattern='/decrypt/**'], []
2022-06-27 00:28:11 [main] INFO  o.s.s.web.DefaultSecurityFilterChain - Creating filter chain: any request, [org.springframework.security.web.context.request.async.WebAsyncManagerIntegrationFilter@4eac65db, org.springframework.security.web.context.SecurityContextPersistenceFilter@ca2be53, org.springframework.security.web.header.HeaderWriterFilter@be616f0, org.springframework.security.web.csrf.CsrfFilter@62158991, org.springframework.security.web.authentication.logout.LogoutFilter@3e6acec2, org.springframework.security.web.authentication.UsernamePasswordAuthenticationFilter@6d35ff7b, org.springframework.security.web.authentication.ui.DefaultLoginPageGeneratingFilter@718f3088, org.springframework.security.web.authentication.ui.DefaultLogoutPageGeneratingFilter@dde6f87, org.springframework.security.web.authentication.www.BasicAuthenticationFilter@adc8683, org.springframework.security.web.savedrequest.RequestCacheAwareFilter@70697478, org.springframework.security.web.servletapi.SecurityContextHolderAwareRequestFilter@389008d1, org.springframework.security.web.authentication.AnonymousAuthenticationFilter@7884f722, org.springframework.security.web.session.SessionManagementFilter@cf08c97, org.springframework.security.web.access.ExceptionTranslationFilter@7c8df667, org.springframework.security.web.access.intercept.FilterSecurityInterceptor@1b19712f]
2022-06-27 00:28:12 [main] INFO  o.s.b.a.e.web.EndpointLinksResolver - Exposing 2 endpoint(s) beneath base path '/actuator'
2022-06-27 00:28:12 [main] INFO  o.a.coyote.http11.Http11NioProtocol - Starting ProtocolHandler ["http-nio-8888"]
2022-06-27 00:28:12 [main] INFO  o.s.b.w.e.tomcat.TomcatWebServer - Tomcat started on port(s): 8888 (http) with context path ''
2022-06-27 00:28:12 [main] INFO  c.m.demo.config.server.ConfigServer - Started ConfigServer in 8.81 seconds (JVM running for 10.508)
2022-06-27 00:28:12 [RMI TCP Connection(2)-172.20.224.1] INFO  o.a.c.c.C.[Tomcat].[localhost].[/] - Initializing Spring DispatcherServlet 'dispatcherServlet'
2022-06-27 00:28:12 [RMI TCP Connection(2)-172.20.224.1] INFO  o.s.web.servlet.DispatcherServlet - Initializing Servlet 'dispatcherServlet'
2022-06-27 00:28:12 [RMI TCP Connection(2)-172.20.224.1] INFO  o.s.web.servlet.DispatcherServlet - Completed initialization in 12 ms
2022-06-27 00:28:13 [RMI TCP Connection(3)-172.20.224.1] INFO  o.s.c.c.s.e.NativeEnvironmentRepository - Adding property source: file:/C:/Users/Amine/AppData/Local/Temp/config-repo-6038540216454491390/application.yml
2022-06-27 00:28:58 [http-nio-8888-exec-1] INFO  o.s.c.c.s.e.NativeEnvironmentRepository - Adding property source: file:/C:/Users/Amine/AppData/Local/Temp/config-repo-6038540216454491390/application.yml
2022-06-27 00:28:58 [http-nio-8888-exec-1] INFO  o.s.c.c.s.e.NativeEnvironmentRepository - Adding property source: file:/C:/Users/Amine/AppData/Local/Temp/config-repo-6038540216454491390/twitter-to-kafka-service.yml
2022-06-27 00:32:06 [http-nio-8888-exec-3] INFO  o.s.c.c.s.e.NativeEnvironmentRepository - Adding property source: file:/C:/Users/Amine/AppData/Local/Temp/config-repo-6038540216454491390/application.yml
2022-06-27 00:32:52 [http-nio-8888-exec-5] INFO  o.s.c.c.s.e.NativeEnvironmentRepository - Adding property source: file:/C:/Users/Amine/AppData/Local/Temp/config-repo-6038540216454491390/application.yml
2022-06-27 00:35:10 [http-nio-8888-exec-7] INFO  o.s.c.c.s.e.NativeEnvironmentRepository - Adding property source: file:/C:/Users/Amine/AppData/Local/Temp/config-repo-6038540216454491390/application.yml
2022-06-27 00:36:21 [http-nio-8888-exec-9] INFO  o.s.c.c.s.e.NativeEnvironmentRepository - Adding property source: file:/C:/Users/Amine/AppData/Local/Temp/config-repo-6038540216454491390/application.yml
2022-06-27 00:41:17 [http-nio-8888-exec-1] INFO  o.s.c.c.s.e.NativeEnvironmentRepository - Adding property source: file:/C:/Users/Amine/AppData/Local/Temp/config-repo-6038540216454491390/application.yml
2022-06-27 02:11:37 [http-nio-8888-exec-3] INFO  o.s.c.c.s.e.NativeEnvironmentRepository - Adding property source: file:/C:/Users/Amine/AppData/Local/Temp/config-repo-6038540216454491390/application.yml
2022-06-27 02:20:09 [Thread-3] WARN  o.s.c.c.s.e.MultipleJGitEnvironmentRepository - Failed to delete temporary directory on exit: java.nio.file.AccessDeniedException: C:\Users\Amine\AppData\Local\Temp\config-repo-6038540216454491390\.git\objects\pack\pack-d59d58c3067c9aea05fddb9cc15d4ebf4bcae0af.idx
2022-06-27 02:20:09 [SpringContextShutdownHook] INFO  o.s.s.c.ThreadPoolTaskExecutor - Shutting down ExecutorService 'applicationTaskExecutor'
2022-06-27 02:20:16 [background-preinit] INFO  o.h.validator.internal.util.Version - HV000001: Hibernate Validator 6.1.5.Final
2022-06-27 02:20:17 [main] INFO  c.m.demo.config.server.ConfigServer - No active profile set, falling back to default profiles: default
2022-06-27 02:20:18 [main] INFO  o.s.cloud.context.scope.GenericScope - BeanFactory id=9f2b0f5b-a5d0-3e50-ac08-c75b27d86a88
2022-06-27 02:20:18 [main] INFO  o.s.b.w.e.tomcat.TomcatWebServer - Tomcat initialized with port(s): 8888 (http)
2022-06-27 02:20:18 [main] INFO  o.a.coyote.http11.Http11NioProtocol - Initializing ProtocolHandler ["http-nio-8888"]
2022-06-27 02:20:18 [main] INFO  o.a.catalina.core.StandardService - Starting service [Tomcat]
2022-06-27 02:20:18 [main] INFO  o.a.catalina.core.StandardEngine - Starting Servlet engine: [Apache Tomcat/9.0.38]
2022-06-27 02:20:19 [main] INFO  o.a.c.c.C.[Tomcat].[localhost].[/] - Initializing Spring embedded WebApplicationContext
2022-06-27 02:20:19 [main] INFO  o.s.b.w.s.c.ServletWebServerApplicationContext - Root WebApplicationContext: initialization completed in 1680 ms
2022-06-27 02:20:19 [main] INFO  o.s.s.c.ThreadPoolTaskExecutor - Initializing ExecutorService 'applicationTaskExecutor'
2022-06-27 02:20:22 [main] INFO  o.s.s.web.DefaultSecurityFilterChain - Creating filter chain: Ant [pattern='/encrypt/**'], []
2022-06-27 02:20:22 [main] INFO  o.s.s.web.DefaultSecurityFilterChain - Creating filter chain: Ant [pattern='/decrypt/**'], []
2022-06-27 02:20:22 [main] INFO  o.s.s.web.DefaultSecurityFilterChain - Creating filter chain: any request, [org.springframework.security.web.context.request.async.WebAsyncManagerIntegrationFilter@538e74fc, org.springframework.security.web.context.SecurityContextPersistenceFilter@50785f86, org.springframework.security.web.header.HeaderWriterFilter@1e8bccfb, org.springframework.security.web.csrf.CsrfFilter@11adab6d, org.springframework.security.web.authentication.logout.LogoutFilter@2f6e92ca, org.springframework.security.web.authentication.UsernamePasswordAuthenticationFilter@21c34bf8, org.springframework.security.web.authentication.ui.DefaultLoginPageGeneratingFilter@17053b5, org.springframework.security.web.authentication.ui.DefaultLogoutPageGeneratingFilter@7ecb9e17, org.springframework.security.web.authentication.www.BasicAuthenticationFilter@436a563f, org.springframework.security.web.savedrequest.RequestCacheAwareFilter@1e258d3b, org.springframework.security.web.servletapi.SecurityContextHolderAwareRequestFilter@42a05533, org.springframework.security.web.authentication.AnonymousAuthenticationFilter@6475e778, org.springframework.security.web.session.SessionManagementFilter@1f1fbc9f, org.springframework.security.web.access.ExceptionTranslationFilter@3e6acec2, org.springframework.security.web.access.intercept.FilterSecurityInterceptor@2c1a8529]
2022-06-27 02:20:23 [main] INFO  o.s.b.a.e.web.EndpointLinksResolver - Exposing 2 endpoint(s) beneath base path '/actuator'
2022-06-27 02:20:23 [main] INFO  o.a.coyote.http11.Http11NioProtocol - Starting ProtocolHandler ["http-nio-8888"]
2022-06-27 02:20:23 [main] INFO  o.s.b.w.e.tomcat.TomcatWebServer - Tomcat started on port(s): 8888 (http) with context path ''
2022-06-27 02:20:23 [main] INFO  c.m.demo.config.server.ConfigServer - Started ConfigServer in 7.893 seconds (JVM running for 9.204)
2022-06-27 02:20:23 [RMI TCP Connection(1)-172.20.224.1] INFO  o.a.c.c.C.[Tomcat].[localhost].[/] - Initializing Spring DispatcherServlet 'dispatcherServlet'
2022-06-27 02:20:23 [RMI TCP Connection(1)-172.20.224.1] INFO  o.s.web.servlet.DispatcherServlet - Initializing Servlet 'dispatcherServlet'
2022-06-27 02:20:23 [RMI TCP Connection(1)-172.20.224.1] INFO  o.s.web.servlet.DispatcherServlet - Completed initialization in 8 ms
2022-06-27 02:20:24 [RMI TCP Connection(2)-172.20.224.1] INFO  o.s.c.c.s.e.NativeEnvironmentRepository - Adding property source: file:/C:/Users/Amine/AppData/Local/Temp/config-repo-14485255546272040924/application.yml
2022-06-27 02:20:41 [http-nio-8888-exec-1] INFO  o.s.c.c.s.e.NativeEnvironmentRepository - Adding property source: file:/C:/Users/Amine/AppData/Local/Temp/config-repo-14485255546272040924/application.yml
2022-06-27 02:20:41 [http-nio-8888-exec-1] INFO  o.s.c.c.s.e.NativeEnvironmentRepository - Adding property source: file:/C:/Users/Amine/AppData/Local/Temp/config-repo-14485255546272040924/twitter-to-kafka-service.yml
2022-06-27 02:23:45 [http-nio-8888-exec-5] INFO  o.s.c.c.s.e.EncryptionController - Decrypted cipher data
2022-06-27 02:23:56 [http-nio-8888-exec-7] INFO  o.s.c.c.s.e.NativeEnvironmentRepository - Adding property source: file:/C:/Users/Amine/AppData/Local/Temp/config-repo-14485255546272040924/kafka-to-elastic-service.yml
2022-06-27 02:23:56 [http-nio-8888-exec-7] INFO  o.s.c.c.s.e.NativeEnvironmentRepository - Adding property source: file:/C:/Users/Amine/AppData/Local/Temp/config-repo-14485255546272040924/application.yml
2022-06-27 02:25:37 [http-nio-8888-exec-3] INFO  o.s.c.c.s.e.EncryptionController - Decrypted cipher data
2022-06-27 02:25:51 [http-nio-8888-exec-4] INFO  o.s.c.c.s.e.EncryptionController - Encrypted data
2022-06-27 02:42:24 [Thread-3] WARN  o.s.c.c.s.e.MultipleJGitEnvironmentRepository - Failed to delete temporary directory on exit: java.nio.file.AccessDeniedException: C:\Users\Amine\AppData\Local\Temp\config-repo-14485255546272040924\.git\objects\pack\pack-c3cc25d9c0ce2db35c953a976879f3fdec35b929.idx
2022-06-27 02:42:24 [SpringContextShutdownHook] INFO  o.s.s.c.ThreadPoolTaskExecutor - Shutting down ExecutorService 'applicationTaskExecutor'
2022-06-27 02:46:46 [background-preinit] INFO  o.h.validator.internal.util.Version - HV000001: Hibernate Validator 6.1.5.Final
2022-06-27 02:46:47 [main] INFO  c.m.demo.config.server.ConfigServer - No active profile set, falling back to default profiles: default
2022-06-27 02:46:48 [main] INFO  o.s.cloud.context.scope.GenericScope - BeanFactory id=9f2b0f5b-a5d0-3e50-ac08-c75b27d86a88
2022-06-27 02:46:48 [main] INFO  o.s.b.w.e.tomcat.TomcatWebServer - Tomcat initialized with port(s): 8888 (http)
2022-06-27 02:46:48 [main] INFO  o.a.coyote.http11.Http11NioProtocol - Initializing ProtocolHandler ["http-nio-8888"]
2022-06-27 02:46:48 [main] INFO  o.a.catalina.core.StandardService - Starting service [Tomcat]
2022-06-27 02:46:48 [main] INFO  o.a.catalina.core.StandardEngine - Starting Servlet engine: [Apache Tomcat/9.0.38]
2022-06-27 02:46:49 [main] INFO  o.a.c.c.C.[Tomcat].[localhost].[/] - Initializing Spring embedded WebApplicationContext
2022-06-27 02:46:49 [main] INFO  o.s.b.w.s.c.ServletWebServerApplicationContext - Root WebApplicationContext: initialization completed in 1747 ms
2022-06-27 02:46:49 [main] INFO  o.s.s.c.ThreadPoolTaskExecutor - Initializing ExecutorService 'applicationTaskExecutor'
2022-06-27 02:46:52 [main] INFO  o.s.s.web.DefaultSecurityFilterChain - Creating filter chain: Ant [pattern='/encrypt/**'], []
2022-06-27 02:46:52 [main] INFO  o.s.s.web.DefaultSecurityFilterChain - Creating filter chain: Ant [pattern='/decrypt/**'], []
2022-06-27 02:46:52 [main] INFO  o.s.s.web.DefaultSecurityFilterChain - Creating filter chain: any request, [org.springframework.security.web.context.request.async.WebAsyncManagerIntegrationFilter@7e3d168e, org.springframework.security.web.context.SecurityContextPersistenceFilter@718f3088, org.springframework.security.web.header.HeaderWriterFilter@129b69b2, org.springframework.security.web.csrf.CsrfFilter@35ceec81, org.springframework.security.web.authentication.logout.LogoutFilter@4392362c, org.springframework.security.web.authentication.UsernamePasswordAuthenticationFilter@7884f722, org.springframework.security.web.authentication.ui.DefaultLoginPageGeneratingFilter@681d704e, org.springframework.security.web.authentication.ui.DefaultLogoutPageGeneratingFilter@149b53fa, org.springframework.security.web.authentication.www.BasicAuthenticationFilter@6bfdaa7a, org.springframework.security.web.savedrequest.RequestCacheAwareFilter@11bfd751, org.springframework.security.web.servletapi.SecurityContextHolderAwareRequestFilter@713e7d9a, org.springframework.security.web.authentication.AnonymousAuthenticationFilter@73be4cdd, org.springframework.security.web.session.SessionManagementFilter@eb1d475, org.springframework.security.web.access.ExceptionTranslationFilter@2e0652ab, org.springframework.security.web.access.intercept.FilterSecurityInterceptor@60e47aab]
2022-06-27 02:46:52 [main] INFO  o.s.b.a.e.web.EndpointLinksResolver - Exposing 2 endpoint(s) beneath base path '/actuator'
2022-06-27 02:46:53 [main] INFO  o.a.coyote.http11.Http11NioProtocol - Starting ProtocolHandler ["http-nio-8888"]
2022-06-27 02:46:53 [main] INFO  o.s.b.w.e.tomcat.TomcatWebServer - Tomcat started on port(s): 8888 (http) with context path ''
2022-06-27 02:46:53 [main] INFO  c.m.demo.config.server.ConfigServer - Started ConfigServer in 7.869 seconds (JVM running for 9.284)
2022-06-27 02:46:53 [RMI TCP Connection(2)-172.20.224.1] INFO  o.a.c.c.C.[Tomcat].[localhost].[/] - Initializing Spring DispatcherServlet 'dispatcherServlet'
2022-06-27 02:46:53 [RMI TCP Connection(2)-172.20.224.1] INFO  o.s.web.servlet.DispatcherServlet - Initializing Servlet 'dispatcherServlet'
2022-06-27 02:46:53 [RMI TCP Connection(2)-172.20.224.1] INFO  o.s.web.servlet.DispatcherServlet - Completed initialization in 8 ms
2022-06-27 02:46:55 [RMI TCP Connection(3)-172.20.224.1] INFO  o.s.c.c.s.e.NativeEnvironmentRepository - Adding property source: file:/C:/Users/Amine/AppData/Local/Temp/config-repo-16070204245246830671/application.yml
2022-06-27 02:47:09 [http-nio-8888-exec-1] INFO  o.s.c.c.s.e.NativeEnvironmentRepository - Adding property source: file:/C:/Users/Amine/AppData/Local/Temp/config-repo-16070204245246830671/application.yml
2022-06-27 02:47:09 [http-nio-8888-exec-1] INFO  o.s.c.c.s.e.NativeEnvironmentRepository - Adding property source: file:/C:/Users/Amine/AppData/Local/Temp/config-repo-16070204245246830671/twitter-to-kafka-service.yml
2022-06-27 02:50:43 [Thread-3] WARN  o.s.c.c.s.e.MultipleJGitEnvironmentRepository - Failed to delete temporary directory on exit: java.nio.file.AccessDeniedException: C:\Users\Amine\AppData\Local\Temp\config-repo-16070204245246830671\.git\objects\pack\pack-c3cc25d9c0ce2db35c953a976879f3fdec35b929.idx
2022-06-27 02:50:43 [SpringContextShutdownHook] INFO  o.s.s.c.ThreadPoolTaskExecutor - Shutting down ExecutorService 'applicationTaskExecutor'
2022-06-27 02:50:50 [background-preinit] INFO  o.h.validator.internal.util.Version - HV000001: Hibernate Validator 6.1.5.Final
2022-06-27 02:50:51 [main] INFO  c.m.demo.config.server.ConfigServer - No active profile set, falling back to default profiles: default
2022-06-27 02:50:52 [main] INFO  o.s.cloud.context.scope.GenericScope - BeanFactory id=9f2b0f5b-a5d0-3e50-ac08-c75b27d86a88
2022-06-27 02:50:53 [main] INFO  o.s.b.w.e.tomcat.TomcatWebServer - Tomcat initialized with port(s): 8888 (http)
2022-06-27 02:50:53 [main] INFO  o.a.coyote.http11.Http11NioProtocol - Initializing ProtocolHandler ["http-nio-8888"]
2022-06-27 02:50:53 [main] INFO  o.a.catalina.core.StandardService - Starting service [Tomcat]
2022-06-27 02:50:53 [main] INFO  o.a.catalina.core.StandardEngine - Starting Servlet engine: [Apache Tomcat/9.0.38]
2022-06-27 02:50:53 [main] INFO  o.a.c.c.C.[Tomcat].[localhost].[/] - Initializing Spring embedded WebApplicationContext
2022-06-27 02:50:53 [main] INFO  o.s.b.w.s.c.ServletWebServerApplicationContext - Root WebApplicationContext: initialization completed in 1783 ms
2022-06-27 02:50:53 [main] INFO  o.s.s.c.ThreadPoolTaskExecutor - Initializing ExecutorService 'applicationTaskExecutor'
2022-06-27 02:50:56 [main] INFO  o.s.s.web.DefaultSecurityFilterChain - Creating filter chain: Ant [pattern='/encrypt/**'], []
2022-06-27 02:50:56 [main] INFO  o.s.s.web.DefaultSecurityFilterChain - Creating filter chain: Ant [pattern='/decrypt/**'], []
2022-06-27 02:50:57 [main] INFO  o.s.s.web.DefaultSecurityFilterChain - Creating filter chain: any request, [org.springframework.security.web.context.request.async.WebAsyncManagerIntegrationFilter@2dc3ece8, org.springframework.security.web.context.SecurityContextPersistenceFilter@5d58dc61, org.springframework.security.web.header.HeaderWriterFilter@11adab6d, org.springframework.security.web.csrf.CsrfFilter@1f5d7fd5, org.springframework.security.web.authentication.logout.LogoutFilter@42a05533, org.springframework.security.web.authentication.UsernamePasswordAuthenticationFilter@186295cc, org.springframework.security.web.authentication.ui.DefaultLoginPageGeneratingFilter@1e8bccfb, org.springframework.security.web.authentication.ui.DefaultLogoutPageGeneratingFilter@2c1a8529, org.springframework.security.web.authentication.www.BasicAuthenticationFilter@638977e0, org.springframework.security.web.savedrequest.RequestCacheAwareFilter@17df689e, org.springframework.security.web.servletapi.SecurityContextHolderAwareRequestFilter@3d764641, org.springframework.security.web.authentication.AnonymousAuthenticationFilter@6d7865d6, org.springframework.security.web.session.SessionManagementFilter@29519337, org.springframework.security.web.access.ExceptionTranslationFilter@389008d1, org.springframework.security.web.access.intercept.FilterSecurityInterceptor@7884f722]
2022-06-27 02:50:57 [main] INFO  o.s.b.a.e.web.EndpointLinksResolver - Exposing 2 endpoint(s) beneath base path '/actuator'
2022-06-27 02:50:57 [main] INFO  o.a.coyote.http11.Http11NioProtocol - Starting ProtocolHandler ["http-nio-8888"]
2022-06-27 02:50:57 [main] INFO  o.s.b.w.e.tomcat.TomcatWebServer - Tomcat started on port(s): 8888 (http) with context path ''
2022-06-27 02:50:57 [main] INFO  c.m.demo.config.server.ConfigServer - Started ConfigServer in 7.905 seconds (JVM running for 9.364)
2022-06-27 02:50:57 [RMI TCP Connection(2)-172.20.224.1] INFO  o.a.c.c.C.[Tomcat].[localhost].[/] - Initializing Spring DispatcherServlet 'dispatcherServlet'
2022-06-27 02:50:57 [RMI TCP Connection(2)-172.20.224.1] INFO  o.s.web.servlet.DispatcherServlet - Initializing Servlet 'dispatcherServlet'
2022-06-27 02:50:57 [RMI TCP Connection(2)-172.20.224.1] INFO  o.s.web.servlet.DispatcherServlet - Completed initialization in 13 ms
2022-06-27 02:50:58 [RMI TCP Connection(3)-172.20.224.1] INFO  o.s.c.c.s.e.NativeEnvironmentRepository - Adding property source: file:/C:/Users/Amine/AppData/Local/Temp/config-repo-6488550723729830910/application.yml
2022-06-27 02:51:22 [http-nio-8888-exec-1] INFO  o.s.c.c.s.e.NativeEnvironmentRepository - Adding property source: file:/C:/Users/Amine/AppData/Local/Temp/config-repo-6488550723729830910/application.yml
2022-06-27 02:51:22 [http-nio-8888-exec-1] INFO  o.s.c.c.s.e.NativeEnvironmentRepository - Adding property source: file:/C:/Users/Amine/AppData/Local/Temp/config-repo-6488550723729830910/twitter-to-kafka-service.yml
2022-06-27 03:09:32 [Thread-3] WARN  o.s.c.c.s.e.MultipleJGitEnvironmentRepository - Failed to delete temporary directory on exit: java.nio.file.AccessDeniedException: C:\Users\Amine\AppData\Local\Temp\config-repo-6488550723729830910\.git\objects\pack\pack-aa1e24e2183d293767d5262567a06eaca7e6d2f1.idx
2022-06-27 03:09:32 [SpringContextShutdownHook] INFO  o.s.s.c.ThreadPoolTaskExecutor - Shutting down ExecutorService 'applicationTaskExecutor'
2022-06-27 03:09:43 [background-preinit] INFO  o.h.validator.internal.util.Version - HV000001: Hibernate Validator 6.1.5.Final
2022-06-27 03:09:44 [main] INFO  c.m.demo.config.server.ConfigServer - No active profile set, falling back to default profiles: default
2022-06-27 03:09:45 [main] INFO  o.s.cloud.context.scope.GenericScope - BeanFactory id=9f2b0f5b-a5d0-3e50-ac08-c75b27d86a88
2022-06-27 03:09:45 [main] INFO  o.s.b.w.e.tomcat.TomcatWebServer - Tomcat initialized with port(s): 8888 (http)
2022-06-27 03:09:45 [main] INFO  o.a.coyote.http11.Http11NioProtocol - Initializing ProtocolHandler ["http-nio-8888"]
2022-06-27 03:09:45 [main] INFO  o.a.catalina.core.StandardService - Starting service [Tomcat]
2022-06-27 03:09:45 [main] INFO  o.a.catalina.core.StandardEngine - Starting Servlet engine: [Apache Tomcat/9.0.38]
2022-06-27 03:09:46 [main] INFO  o.a.c.c.C.[Tomcat].[localhost].[/] - Initializing Spring embedded WebApplicationContext
2022-06-27 03:09:46 [main] INFO  o.s.b.w.s.c.ServletWebServerApplicationContext - Root WebApplicationContext: initialization completed in 1972 ms
2022-06-27 03:09:46 [main] INFO  o.s.s.c.ThreadPoolTaskExecutor - Initializing ExecutorService 'applicationTaskExecutor'
2022-06-27 03:09:49 [main] INFO  o.s.s.web.DefaultSecurityFilterChain - Creating filter chain: Ant [pattern='/encrypt/**'], []
2022-06-27 03:09:49 [main] INFO  o.s.s.web.DefaultSecurityFilterChain - Creating filter chain: Ant [pattern='/decrypt/**'], []
2022-06-27 03:09:49 [main] INFO  o.s.s.web.DefaultSecurityFilterChain - Creating filter chain: any request, [org.springframework.security.web.context.request.async.WebAsyncManagerIntegrationFilter@25e6c22a, org.springframework.security.web.context.SecurityContextPersistenceFilter@24018c8b, org.springframework.security.web.header.HeaderWriterFilter@7b3c0ecb, org.springframework.security.web.authentication.logout.LogoutFilter@e706aa, org.springframework.security.web.savedrequest.RequestCacheAwareFilter@3dc55719, org.springframework.security.web.servletapi.SecurityContextHolderAwareRequestFilter@40c28b0d, org.springframework.security.web.authentication.AnonymousAuthenticationFilter@16fc5622, org.springframework.security.web.session.SessionManagementFilter@40863800, org.springframework.security.web.access.ExceptionTranslationFilter@5341641d]
2022-06-27 03:09:50 [main] INFO  o.s.b.a.e.web.EndpointLinksResolver - Exposing 2 endpoint(s) beneath base path '/actuator'
2022-06-27 03:09:50 [main] INFO  o.a.coyote.http11.Http11NioProtocol - Starting ProtocolHandler ["http-nio-8888"]
2022-06-27 03:09:50 [main] INFO  o.s.b.w.e.tomcat.TomcatWebServer - Tomcat started on port(s): 8888 (http) with context path ''
2022-06-27 03:09:50 [main] INFO  c.m.demo.config.server.ConfigServer - Started ConfigServer in 8.218 seconds (JVM running for 9.764)
2022-06-27 03:09:50 [RMI TCP Connection(3)-172.20.224.1] INFO  o.a.c.c.C.[Tomcat].[localhost].[/] - Initializing Spring DispatcherServlet 'dispatcherServlet'
2022-06-27 03:09:50 [RMI TCP Connection(3)-172.20.224.1] INFO  o.s.web.servlet.DispatcherServlet - Initializing Servlet 'dispatcherServlet'
2022-06-27 03:09:50 [RMI TCP Connection(3)-172.20.224.1] INFO  o.s.web.servlet.DispatcherServlet - Completed initialization in 11 ms
2022-06-27 03:09:52 [RMI TCP Connection(2)-172.20.224.1] INFO  o.s.c.c.s.e.NativeEnvironmentRepository - Adding property source: file:/C:/Users/Amine/AppData/Local/Temp/config-repo-3418864320117076212/application.yml
2022-06-27 03:10:13 [http-nio-8888-exec-1] INFO  o.s.c.c.s.e.NativeEnvironmentRepository - Adding property source: file:/C:/Users/Amine/AppData/Local/Temp/config-repo-3418864320117076212/application.yml
2022-06-27 03:10:13 [http-nio-8888-exec-1] INFO  o.s.c.c.s.e.NativeEnvironmentRepository - Adding property source: file:/C:/Users/Amine/AppData/Local/Temp/config-repo-3418864320117076212/twitter-to-kafka-service.yml
2022-06-27 03:10:37 [http-nio-8888-exec-2] INFO  o.s.c.c.s.e.NativeEnvironmentRepository - Adding property source: file:/C:/Users/Amine/AppData/Local/Temp/config-repo-3418864320117076212/kafka-to-elastic-service.yml
2022-06-27 03:10:37 [http-nio-8888-exec-2] INFO  o.s.c.c.s.e.NativeEnvironmentRepository - Adding property source: file:/C:/Users/Amine/AppData/Local/Temp/config-repo-3418864320117076212/application.yml
2022-06-27 03:11:07 [Thread-3] WARN  o.s.c.c.s.e.MultipleJGitEnvironmentRepository - Failed to delete temporary directory on exit: java.nio.file.AccessDeniedException: C:\Users\Amine\AppData\Local\Temp\config-repo-3418864320117076212\.git\objects\pack\pack-aa1e24e2183d293767d5262567a06eaca7e6d2f1.idx
2022-06-27 03:11:07 [SpringContextShutdownHook] INFO  o.s.s.c.ThreadPoolTaskExecutor - Shutting down ExecutorService 'applicationTaskExecutor'
